C:\CompleteThrustProject\Businessthrust\Project\FSM\GenicSolutionAngular\ClientApp\dist\out-tsc\e2e\src\app.po.js
C:\CompleteThrustProject\Businessthrust\Project\FSM\GenicSolutionAngular\ClientApp\dist\out-tsc\e2e\src\app.po.js.map
C:\CompleteThrustProject\Businessthrust\Project\FSM\GenicSolutionAngular\ClientApp\dist\out-tsc\e2e\src\app.e2e-spec.js
C:\CompleteThrustProject\Businessthrust\Project\FSM\GenicSolutionAngular\ClientApp\dist\out-tsc\e2e\src\app.e2e-spec.js.map
C:\CompleteThrustProject\Businessthrust\Project\FSM\GenicSolutionAngular\ClientApp\dist\out-tsc\src\environments\environment.js
C:\CompleteThrustProject\Businessthrust\Project\FSM\GenicSolutionAngular\ClientApp\dist\out-tsc\src\environments\environment.js.map
C:\CompleteThrustProject\Businessthrust\Project\FSM\GenicSolutionAngular\ClientApp\dist\out-tsc\src\app\services\login.mudule.js
C:\CompleteThrustProject\Businessthrust\Project\FSM\GenicSolutionAngular\ClientApp\dist\out-tsc\src\app\services\login.mudule.js.map
C:\CompleteThrustProject\Businessthrust\Project\FSM\GenicSolutionAngular\ClientApp\dist\out-tsc\src\app\services\authentication.service.js
C:\CompleteThrustProject\Businessthrust\Project\FSM\GenicSolutionAngular\ClientApp\dist\out-tsc\src\app\services\authentication.service.js.map
C:\CompleteThrustProject\Businessthrust\Project\FSM\GenicSolutionAngular\ClientApp\dist\out-tsc\src\app\services\login.service.js
C:\CompleteThrustProject\Businessthrust\Project\FSM\GenicSolutionAngular\ClientApp\dist\out-tsc\src\app\services\login.service.js.map
C:\CompleteThrustProject\Businessthrust\Project\FSM\GenicSolutionAngular\ClientApp\dist\out-tsc\src\app\services\index.js
C:\CompleteThrustProject\Businessthrust\Project\FSM\GenicSolutionAngular\ClientApp\dist\out-tsc\src\app\services\index.js.map
C:\CompleteThrustProject\Businessthrust\Project\FSM\GenicSolutionAngular\ClientApp\dist\out-tsc\src\app\auth\auth.component.js
C:\CompleteThrustProject\Businessthrust\Project\FSM\GenicSolutionAngular\ClientApp\dist\out-tsc\src\app\auth\auth.component.js.map
C:\CompleteThrustProject\Businessthrust\Project\FSM\GenicSolutionAngular\ClientApp\dist\out-tsc\src\app\auth\from-drive.component.js
C:\CompleteThrustProject\Businessthrust\Project\FSM\GenicSolutionAngular\ClientApp\dist\out-tsc\src\app\auth\from-drive.component.js.map
C:\CompleteThrustProject\Businessthrust\Project\FSM\GenicSolutionAngular\ClientApp\dist\out-tsc\src\app\services\userlog.module.js
C:\CompleteThrustProject\Businessthrust\Project\FSM\GenicSolutionAngular\ClientApp\dist\out-tsc\src\app\services\userlog.module.js.map
C:\CompleteThrustProject\Businessthrust\Project\FSM\GenicSolutionAngular\ClientApp\dist\out-tsc\src\app\services\userlog.service.js
C:\CompleteThrustProject\Businessthrust\Project\FSM\GenicSolutionAngular\ClientApp\dist\out-tsc\src\app\services\userlog.service.js.map
C:\CompleteThrustProject\Businessthrust\Project\FSM\GenicSolutionAngular\ClientApp\dist\out-tsc\src\app\services\CommanExtendsClass.module.js
C:\CompleteThrustProject\Businessthrust\Project\FSM\GenicSolutionAngular\ClientApp\dist\out-tsc\src\app\services\CommanExtendsClass.module.js.map
C:\CompleteThrustProject\Businessthrust\Project\FSM\GenicSolutionAngular\ClientApp\dist\out-tsc\src\app\services\quote.module.js
C:\CompleteThrustProject\Businessthrust\Project\FSM\GenicSolutionAngular\ClientApp\dist\out-tsc\src\app\services\quote.module.js.map
C:\CompleteThrustProject\Businessthrust\Project\FSM\GenicSolutionAngular\ClientApp\dist\out-tsc\src\app\services\property.model.js
C:\CompleteThrustProject\Businessthrust\Project\FSM\GenicSolutionAngular\ClientApp\dist\out-tsc\src\app\services\property.model.js.map
C:\CompleteThrustProject\Businessthrust\Project\FSM\GenicSolutionAngular\ClientApp\dist\out-tsc\src\app\services\customer.model.js
C:\CompleteThrustProject\Businessthrust\Project\FSM\GenicSolutionAngular\ClientApp\dist\out-tsc\src\app\services\customer.model.js.map
C:\CompleteThrustProject\Businessthrust\Project\FSM\GenicSolutionAngular\ClientApp\dist\out-tsc\src\app\services\quote.service.js
C:\CompleteThrustProject\Businessthrust\Project\FSM\GenicSolutionAngular\ClientApp\dist\out-tsc\src\app\services\quote.service.js.map
C:\CompleteThrustProject\Businessthrust\Project\FSM\GenicSolutionAngular\ClientApp\dist\out-tsc\src\app\auth\customer-quote-for-signature.component.js
C:\CompleteThrustProject\Businessthrust\Project\FSM\GenicSolutionAngular\ClientApp\dist\out-tsc\src\app\auth\customer-quote-for-signature.component.js.map
C:\CompleteThrustProject\Businessthrust\Project\FSM\GenicSolutionAngular\ClientApp\dist\out-tsc\src\app\services\ticket.module.js
C:\CompleteThrustProject\Businessthrust\Project\FSM\GenicSolutionAngular\ClientApp\dist\out-tsc\src\app\services\ticket.module.js.map
C:\CompleteThrustProject\Businessthrust\Project\FSM\GenicSolutionAngular\ClientApp\dist\out-tsc\src\app\services\payment.module.js
C:\CompleteThrustProject\Businessthrust\Project\FSM\GenicSolutionAngular\ClientApp\dist\out-tsc\src\app\services\payment.module.js.map
C:\CompleteThrustProject\Businessthrust\Project\FSM\GenicSolutionAngular\ClientApp\dist\out-tsc\src\app\services\product.module.js
C:\CompleteThrustProject\Businessthrust\Project\FSM\GenicSolutionAngular\ClientApp\dist\out-tsc\src\app\services\product.module.js.map
C:\CompleteThrustProject\Businessthrust\Project\FSM\GenicSolutionAngular\ClientApp\dist\out-tsc\src\app\services\genicprofile.module.js
C:\CompleteThrustProject\Businessthrust\Project\FSM\GenicSolutionAngular\ClientApp\dist\out-tsc\src\app\services\genicprofile.module.js.map
C:\CompleteThrustProject\Businessthrust\Project\FSM\GenicSolutionAngular\ClientApp\dist\out-tsc\src\app\services\generic.service.js
C:\CompleteThrustProject\Businessthrust\Project\FSM\GenicSolutionAngular\ClientApp\dist\out-tsc\src\app\services\generic.service.js.map
C:\CompleteThrustProject\Businessthrust\Project\FSM\GenicSolutionAngular\ClientApp\dist\out-tsc\src\app\auth\customer-ticket-feedback.component.js
C:\CompleteThrustProject\Businessthrust\Project\FSM\GenicSolutionAngular\ClientApp\dist\out-tsc\src\app\auth\customer-ticket-feedback.component.js.map
C:\CompleteThrustProject\Businessthrust\Project\FSM\GenicSolutionAngular\ClientApp\dist\out-tsc\src\app\generic-utils\Ticket-Feedback-Component\TicketFeedbackComponent.component.js
C:\CompleteThrustProject\Businessthrust\Project\FSM\GenicSolutionAngular\ClientApp\dist\out-tsc\src\app\generic-utils\Ticket-Feedback-Component\TicketFeedbackComponent.component.js.map
C:\CompleteThrustProject\Businessthrust\Project\FSM\GenicSolutionAngular\ClientApp\dist\out-tsc\src\app\generic-utils\Ticket-Feedback-Component\TicketFeedbackComponent.module.js
C:\CompleteThrustProject\Businessthrust\Project\FSM\GenicSolutionAngular\ClientApp\dist\out-tsc\src\app\generic-utils\Ticket-Feedback-Component\TicketFeedbackComponent.module.js.map
C:\CompleteThrustProject\Businessthrust\Project\FSM\GenicSolutionAngular\ClientApp\dist\out-tsc\src\app\auth\auth.module.js
C:\CompleteThrustProject\Businessthrust\Project\FSM\GenicSolutionAngular\ClientApp\dist\out-tsc\src\app\auth\auth.module.js.map
C:\CompleteThrustProject\Businessthrust\Project\FSM\GenicSolutionAngular\ClientApp\dist\out-tsc\src\app\userprofile\userprofile.component.js
C:\CompleteThrustProject\Businessthrust\Project\FSM\GenicSolutionAngular\ClientApp\dist\out-tsc\src\app\userprofile\userprofile.component.js.map
C:\CompleteThrustProject\Businessthrust\Project\FSM\GenicSolutionAngular\ClientApp\dist\out-tsc\src\app\userprofile\forgot-password\forgot-password.component.js
C:\CompleteThrustProject\Businessthrust\Project\FSM\GenicSolutionAngular\ClientApp\dist\out-tsc\src\app\userprofile\forgot-password\forgot-password.component.js.map
C:\CompleteThrustProject\Businessthrust\Project\FSM\GenicSolutionAngular\ClientApp\dist\out-tsc\src\app\userprofile\forgot-password\forgot-password-otp.component.js
C:\CompleteThrustProject\Businessthrust\Project\FSM\GenicSolutionAngular\ClientApp\dist\out-tsc\src\app\userprofile\forgot-password\forgot-password-otp.component.js.map
C:\CompleteThrustProject\Businessthrust\Project\FSM\GenicSolutionAngular\ClientApp\dist\out-tsc\src\app\userprofile\forgot-password\forgot-password-reset.component.js
C:\CompleteThrustProject\Businessthrust\Project\FSM\GenicSolutionAngular\ClientApp\dist\out-tsc\src\app\userprofile\forgot-password\forgot-password-reset.component.js.map
C:\CompleteThrustProject\Businessthrust\Project\FSM\GenicSolutionAngular\ClientApp\dist\out-tsc\src\app\userprofile\userprofile.module.js
C:\CompleteThrustProject\Businessthrust\Project\FSM\GenicSolutionAngular\ClientApp\dist\out-tsc\src\app\userprofile\userprofile.module.js.map
C:\CompleteThrustProject\Businessthrust\Project\FSM\GenicSolutionAngular\ClientApp\dist\out-tsc\src\app\services\genicprofile.service.js
C:\CompleteThrustProject\Businessthrust\Project\FSM\GenicSolutionAngular\ClientApp\dist\out-tsc\src\app\services\genicprofile.service.js.map
C:\CompleteThrustProject\Businessthrust\Project\FSM\GenicSolutionAngular\ClientApp\dist\out-tsc\src\app\application\application.component.js
C:\CompleteThrustProject\Businessthrust\Project\FSM\GenicSolutionAngular\ClientApp\dist\out-tsc\src\app\application\application.component.js.map
C:\CompleteThrustProject\Businessthrust\Project\FSM\GenicSolutionAngular\ClientApp\dist\out-tsc\src\app\services\closerDetails.module.js
C:\CompleteThrustProject\Businessthrust\Project\FSM\GenicSolutionAngular\ClientApp\dist\out-tsc\src\app\services\closerDetails.module.js.map
C:\CompleteThrustProject\Businessthrust\Project\FSM\GenicSolutionAngular\ClientApp\dist\out-tsc\src\app\services\ticket.service.js
C:\CompleteThrustProject\Businessthrust\Project\FSM\GenicSolutionAngular\ClientApp\dist\out-tsc\src\app\services\ticket.service.js.map
C:\CompleteThrustProject\Businessthrust\Project\FSM\GenicSolutionAngular\ClientApp\dist\out-tsc\src\app\services\closer.service.js
C:\CompleteThrustProject\Businessthrust\Project\FSM\GenicSolutionAngular\ClientApp\dist\out-tsc\src\app\services\closer.service.js.map
C:\CompleteThrustProject\Businessthrust\Project\FSM\GenicSolutionAngular\ClientApp\dist\out-tsc\src\app\services\audio-recording.service.js
C:\CompleteThrustProject\Businessthrust\Project\FSM\GenicSolutionAngular\ClientApp\dist\out-tsc\src\app\services\audio-recording.service.js.map
C:\CompleteThrustProject\Businessthrust\Project\FSM\GenicSolutionAngular\ClientApp\dist\out-tsc\src\app\services\customer.service.js
C:\CompleteThrustProject\Businessthrust\Project\FSM\GenicSolutionAngular\ClientApp\dist\out-tsc\src\app\services\customer.service.js.map
C:\CompleteThrustProject\Businessthrust\Project\FSM\GenicSolutionAngular\ClientApp\dist\out-tsc\src\app\layout\nav-aside\nav-aside.component.js
C:\CompleteThrustProject\Businessthrust\Project\FSM\GenicSolutionAngular\ClientApp\dist\out-tsc\src\app\layout\nav-aside\nav-aside.component.js.map
C:\CompleteThrustProject\Businessthrust\Project\FSM\GenicSolutionAngular\ClientApp\dist\out-tsc\src\app\services\genic-zone.js
C:\CompleteThrustProject\Businessthrust\Project\FSM\GenicSolutionAngular\ClientApp\dist\out-tsc\src\app\services\genic-zone.js.map
C:\CompleteThrustProject\Businessthrust\Project\FSM\GenicSolutionAngular\ClientApp\dist\out-tsc\src\app\services\engineer.module.js
C:\CompleteThrustProject\Businessthrust\Project\FSM\GenicSolutionAngular\ClientApp\dist\out-tsc\src\app\services\engineer.module.js.map
C:\CompleteThrustProject\Businessthrust\Project\FSM\GenicSolutionAngular\ClientApp\dist\out-tsc\src\app\services\engineer.service.js
C:\CompleteThrustProject\Businessthrust\Project\FSM\GenicSolutionAngular\ClientApp\dist\out-tsc\src\app\services\engineer.service.js.map
C:\CompleteThrustProject\Businessthrust\Project\FSM\GenicSolutionAngular\ClientApp\dist\out-tsc\src\app\layout\nav-header\nav-header.component.js
C:\CompleteThrustProject\Businessthrust\Project\FSM\GenicSolutionAngular\ClientApp\dist\out-tsc\src\app\layout\nav-header\nav-header.component.js.map
C:\CompleteThrustProject\Businessthrust\Project\FSM\GenicSolutionAngular\ClientApp\dist\out-tsc\src\app\services\downloads.service.js
C:\CompleteThrustProject\Businessthrust\Project\FSM\GenicSolutionAngular\ClientApp\dist\out-tsc\src\app\services\downloads.service.js.map
C:\CompleteThrustProject\Businessthrust\Project\FSM\GenicSolutionAngular\ClientApp\dist\out-tsc\src\app\auth\fake-backend.js
C:\CompleteThrustProject\Businessthrust\Project\FSM\GenicSolutionAngular\ClientApp\dist\out-tsc\src\app\auth\fake-backend.js.map
C:\CompleteThrustProject\Businessthrust\Project\FSM\GenicSolutionAngular\ClientApp\dist\out-tsc\src\app\auth\basic-auth.interceptor.js
C:\CompleteThrustProject\Businessthrust\Project\FSM\GenicSolutionAngular\ClientApp\dist\out-tsc\src\app\auth\basic-auth.interceptor.js.map
C:\CompleteThrustProject\Businessthrust\Project\FSM\GenicSolutionAngular\ClientApp\dist\out-tsc\src\app\auth\auth.guard.js
C:\CompleteThrustProject\Businessthrust\Project\FSM\GenicSolutionAngular\ClientApp\dist\out-tsc\src\app\auth\auth.guard.js.map
C:\CompleteThrustProject\Businessthrust\Project\FSM\GenicSolutionAngular\ClientApp\dist\out-tsc\src\app\auth\error.interceptor.js
C:\CompleteThrustProject\Businessthrust\Project\FSM\GenicSolutionAngular\ClientApp\dist\out-tsc\src\app\auth\error.interceptor.js.map
C:\CompleteThrustProject\Businessthrust\Project\FSM\GenicSolutionAngular\ClientApp\dist\out-tsc\src\app\auth\index.js
C:\CompleteThrustProject\Businessthrust\Project\FSM\GenicSolutionAngular\ClientApp\dist\out-tsc\src\app\auth\index.js.map
C:\CompleteThrustProject\Businessthrust\Project\FSM\GenicSolutionAngular\ClientApp\dist\out-tsc\src\app\services\dashboard.module.js
C:\CompleteThrustProject\Businessthrust\Project\FSM\GenicSolutionAngular\ClientApp\dist\out-tsc\src\app\services\dashboard.module.js.map
C:\CompleteThrustProject\Businessthrust\Project\FSM\GenicSolutionAngular\ClientApp\dist\out-tsc\src\app\services\dashboard.service.js
C:\CompleteThrustProject\Businessthrust\Project\FSM\GenicSolutionAngular\ClientApp\dist\out-tsc\src\app\services\dashboard.service.js.map
C:\CompleteThrustProject\Businessthrust\Project\FSM\GenicSolutionAngular\ClientApp\dist\out-tsc\src\app\services\invoice.module.js
C:\CompleteThrustProject\Businessthrust\Project\FSM\GenicSolutionAngular\ClientApp\dist\out-tsc\src\app\services\invoice.module.js.map
C:\CompleteThrustProject\Businessthrust\Project\FSM\GenicSolutionAngular\ClientApp\dist\out-tsc\src\app\services\invoice.service.js
C:\CompleteThrustProject\Businessthrust\Project\FSM\GenicSolutionAngular\ClientApp\dist\out-tsc\src\app\services\invoice.service.js.map
C:\CompleteThrustProject\Businessthrust\Project\FSM\GenicSolutionAngular\ClientApp\dist\out-tsc\src\app\application\dashboard\dashboard.component.js
C:\CompleteThrustProject\Businessthrust\Project\FSM\GenicSolutionAngular\ClientApp\dist\out-tsc\src\app\application\dashboard\dashboard.component.js.map
C:\CompleteThrustProject\Businessthrust\Project\FSM\GenicSolutionAngular\ClientApp\dist\out-tsc\src\app\generic-utils\Ticket-Status-Component\TicketStatusComponent.component.js
C:\CompleteThrustProject\Businessthrust\Project\FSM\GenicSolutionAngular\ClientApp\dist\out-tsc\src\app\generic-utils\Ticket-Status-Component\TicketStatusComponent.component.js.map
C:\CompleteThrustProject\Businessthrust\Project\FSM\GenicSolutionAngular\ClientApp\dist\out-tsc\src\app\generic-utils\Ticket-Status-Component\TicketStatusComponent.module.js
C:\CompleteThrustProject\Businessthrust\Project\FSM\GenicSolutionAngular\ClientApp\dist\out-tsc\src\app\generic-utils\Ticket-Status-Component\TicketStatusComponent.module.js.map
C:\CompleteThrustProject\Businessthrust\Project\FSM\GenicSolutionAngular\ClientApp\dist\out-tsc\src\app\application\ticket-engineer\ticket-engineer.component.js
C:\CompleteThrustProject\Businessthrust\Project\FSM\GenicSolutionAngular\ClientApp\dist\out-tsc\src\app\application\ticket-engineer\ticket-engineer.component.js.map
C:\CompleteThrustProject\Businessthrust\Project\FSM\GenicSolutionAngular\ClientApp\dist\out-tsc\src\app\generic-utils\Ticket-Team-List\TicketTeamList.component.js
C:\CompleteThrustProject\Businessthrust\Project\FSM\GenicSolutionAngular\ClientApp\dist\out-tsc\src\app\generic-utils\Ticket-Team-List\TicketTeamList.component.js.map
C:\CompleteThrustProject\Businessthrust\Project\FSM\GenicSolutionAngular\ClientApp\dist\out-tsc\src\app\generic-utils\Ticket-Team-List\TicketTeamList.module.js
C:\CompleteThrustProject\Businessthrust\Project\FSM\GenicSolutionAngular\ClientApp\dist\out-tsc\src\app\generic-utils\Ticket-Team-List\TicketTeamList.module.js.map
C:\CompleteThrustProject\Businessthrust\Project\FSM\GenicSolutionAngular\ClientApp\dist\out-tsc\src\app\generic-utils\Ticket-Date-Time-Format\TicketDateTimeFormat.component.js
C:\CompleteThrustProject\Businessthrust\Project\FSM\GenicSolutionAngular\ClientApp\dist\out-tsc\src\app\generic-utils\Ticket-Date-Time-Format\TicketDateTimeFormat.component.js.map
C:\CompleteThrustProject\Businessthrust\Project\FSM\GenicSolutionAngular\ClientApp\dist\out-tsc\src\app\generic-utils\Ticket-Date-Time-Format\TicketDateTimeFormat.module.js
C:\CompleteThrustProject\Businessthrust\Project\FSM\GenicSolutionAngular\ClientApp\dist\out-tsc\src\app\generic-utils\Ticket-Date-Time-Format\TicketDateTimeFormat.module.js.map
C:\CompleteThrustProject\Businessthrust\Project\FSM\GenicSolutionAngular\ClientApp\dist\out-tsc\src\app\application\dashboard\dashboard.module.js
C:\CompleteThrustProject\Businessthrust\Project\FSM\GenicSolutionAngular\ClientApp\dist\out-tsc\src\app\application\dashboard\dashboard.module.js.map
C:\CompleteThrustProject\Businessthrust\Project\FSM\GenicSolutionAngular\ClientApp\dist\out-tsc\src\app\services\product.service.js
C:\CompleteThrustProject\Businessthrust\Project\FSM\GenicSolutionAngular\ClientApp\dist\out-tsc\src\app\services\product.service.js.map
C:\CompleteThrustProject\Businessthrust\Project\FSM\GenicSolutionAngular\ClientApp\dist\out-tsc\src\app\application\service\service-add\service-add.component.js
C:\CompleteThrustProject\Businessthrust\Project\FSM\GenicSolutionAngular\ClientApp\dist\out-tsc\src\app\application\service\service-add\service-add.component.js.map
C:\CompleteThrustProject\Businessthrust\Project\FSM\GenicSolutionAngular\ClientApp\dist\out-tsc\src\app\application\service\service-list\service-list.component.js
C:\CompleteThrustProject\Businessthrust\Project\FSM\GenicSolutionAngular\ClientApp\dist\out-tsc\src\app\application\service\service-list\service-list.component.js.map
C:\CompleteThrustProject\Businessthrust\Project\FSM\GenicSolutionAngular\ClientApp\dist\out-tsc\src\app\application\service\service.module.js
C:\CompleteThrustProject\Businessthrust\Project\FSM\GenicSolutionAngular\ClientApp\dist\out-tsc\src\app\application\service\service.module.js.map
C:\CompleteThrustProject\Businessthrust\Project\FSM\GenicSolutionAngular\ClientApp\dist\out-tsc\src\app\demo-utils\calendar-header.component.js
C:\CompleteThrustProject\Businessthrust\Project\FSM\GenicSolutionAngular\ClientApp\dist\out-tsc\src\app\demo-utils\calendar-header.component.js.map
C:\CompleteThrustProject\Businessthrust\Project\FSM\GenicSolutionAngular\ClientApp\dist\out-tsc\src\app\demo-utils\module.js
C:\CompleteThrustProject\Businessthrust\Project\FSM\GenicSolutionAngular\ClientApp\dist\out-tsc\src\app\demo-utils\module.js.map
C:\CompleteThrustProject\Businessthrust\Project\FSM\GenicSolutionAngular\ClientApp\dist\out-tsc\src\app\generic-utils\Ticket-Icon-Attachment\TicketIconAttachment.component.js
C:\CompleteThrustProject\Businessthrust\Project\FSM\GenicSolutionAngular\ClientApp\dist\out-tsc\src\app\generic-utils\Ticket-Icon-Attachment\TicketIconAttachment.component.js.map
C:\CompleteThrustProject\Businessthrust\Project\FSM\GenicSolutionAngular\ClientApp\dist\out-tsc\src\app\generic-utils\Ticket-Icon-Attachment\TicketIconAttachment.module.js
C:\CompleteThrustProject\Businessthrust\Project\FSM\GenicSolutionAngular\ClientApp\dist\out-tsc\src\app\generic-utils\Ticket-Icon-Attachment\TicketIconAttachment.module.js.map
C:\CompleteThrustProject\Businessthrust\Project\FSM\GenicSolutionAngular\ClientApp\dist\out-tsc\src\app\ngb-date-to-string-adapter.js
C:\CompleteThrustProject\Businessthrust\Project\FSM\GenicSolutionAngular\ClientApp\dist\out-tsc\src\app\ngb-date-to-string-adapter.js.map
C:\CompleteThrustProject\Businessthrust\Project\FSM\GenicSolutionAngular\ClientApp\dist\out-tsc\src\app\ngb-time-to-string-adapter.js
C:\CompleteThrustProject\Businessthrust\Project\FSM\GenicSolutionAngular\ClientApp\dist\out-tsc\src\app\ngb-time-to-string-adapter.js.map
C:\CompleteThrustProject\Businessthrust\Project\FSM\GenicSolutionAngular\ClientApp\dist\out-tsc\src\app\application\customer\customer-dashboard\customer-dashboard.component.js
C:\CompleteThrustProject\Businessthrust\Project\FSM\GenicSolutionAngular\ClientApp\dist\out-tsc\src\app\application\customer\customer-dashboard\customer-dashboard.component.js.map
C:\CompleteThrustProject\Businessthrust\Project\FSM\GenicSolutionAngular\ClientApp\dist\out-tsc\src\app\application\customer\customer.component.js
C:\CompleteThrustProject\Businessthrust\Project\FSM\GenicSolutionAngular\ClientApp\dist\out-tsc\src\app\application\customer\customer.component.js.map
C:\CompleteThrustProject\Businessthrust\Project\FSM\GenicSolutionAngular\ClientApp\dist\out-tsc\src\app\application\customer\customer-ticket\customer-ticket.component.js
C:\CompleteThrustProject\Businessthrust\Project\FSM\GenicSolutionAngular\ClientApp\dist\out-tsc\src\app\application\customer\customer-ticket\customer-ticket.component.js.map
C:\CompleteThrustProject\Businessthrust\Project\FSM\GenicSolutionAngular\ClientApp\dist\out-tsc\src\app\generic-utils\Ticket-Header-Count\TicketHeaderCount.component.js
C:\CompleteThrustProject\Businessthrust\Project\FSM\GenicSolutionAngular\ClientApp\dist\out-tsc\src\app\generic-utils\Ticket-Header-Count\TicketHeaderCount.component.js.map
C:\CompleteThrustProject\Businessthrust\Project\FSM\GenicSolutionAngular\ClientApp\dist\out-tsc\src\app\generic-utils\Ticket-Header-Count\TicketHeaderCount.module.js
C:\CompleteThrustProject\Businessthrust\Project\FSM\GenicSolutionAngular\ClientApp\dist\out-tsc\src\app\generic-utils\Ticket-Header-Count\TicketHeaderCount.module.js.map
C:\CompleteThrustProject\Businessthrust\Project\FSM\GenicSolutionAngular\ClientApp\dist\out-tsc\src\app\services\serviceform.module.js
C:\CompleteThrustProject\Businessthrust\Project\FSM\GenicSolutionAngular\ClientApp\dist\out-tsc\src\app\services\serviceform.module.js.map
C:\CompleteThrustProject\Businessthrust\Project\FSM\GenicSolutionAngular\ClientApp\dist\out-tsc\src\app\services\serviceform.service.js
C:\CompleteThrustProject\Businessthrust\Project\FSM\GenicSolutionAngular\ClientApp\dist\out-tsc\src\app\services\serviceform.service.js.map
C:\CompleteThrustProject\Businessthrust\Project\FSM\GenicSolutionAngular\ClientApp\dist\out-tsc\src\app\services\notification.module.js
C:\CompleteThrustProject\Businessthrust\Project\FSM\GenicSolutionAngular\ClientApp\dist\out-tsc\src\app\services\notification.module.js.map
C:\CompleteThrustProject\Businessthrust\Project\FSM\GenicSolutionAngular\ClientApp\dist\out-tsc\src\app\services\notification.service.js
C:\CompleteThrustProject\Businessthrust\Project\FSM\GenicSolutionAngular\ClientApp\dist\out-tsc\src\app\services\notification.service.js.map
C:\CompleteThrustProject\Businessthrust\Project\FSM\GenicSolutionAngular\ClientApp\dist\out-tsc\src\app\application\customer\customer-ticket-view-details\customer-ticket-view-details.component.js
C:\CompleteThrustProject\Businessthrust\Project\FSM\GenicSolutionAngular\ClientApp\dist\out-tsc\src\app\application\customer\customer-ticket-view-details\customer-ticket-view-details.component.js.map
C:\CompleteThrustProject\Businessthrust\Project\FSM\GenicSolutionAngular\ClientApp\dist\out-tsc\src\app\services\report.module.js
C:\CompleteThrustProject\Businessthrust\Project\FSM\GenicSolutionAngular\ClientApp\dist\out-tsc\src\app\services\report.module.js.map
C:\CompleteThrustProject\Businessthrust\Project\FSM\GenicSolutionAngular\ClientApp\dist\out-tsc\src\app\services\report.service.js
C:\CompleteThrustProject\Businessthrust\Project\FSM\GenicSolutionAngular\ClientApp\dist\out-tsc\src\app\services\report.service.js.map
C:\CompleteThrustProject\Businessthrust\Project\FSM\GenicSolutionAngular\ClientApp\dist\out-tsc\src\app\services\property.service.js
C:\CompleteThrustProject\Businessthrust\Project\FSM\GenicSolutionAngular\ClientApp\dist\out-tsc\src\app\services\property.service.js.map
C:\CompleteThrustProject\Businessthrust\Project\FSM\GenicSolutionAngular\ClientApp\dist\out-tsc\src\app\application\customer\customer-defect-ticket\customer-defect-ticket.component.js
C:\CompleteThrustProject\Businessthrust\Project\FSM\GenicSolutionAngular\ClientApp\dist\out-tsc\src\app\application\customer\customer-defect-ticket\customer-defect-ticket.component.js.map
C:\CompleteThrustProject\Businessthrust\Project\FSM\GenicSolutionAngular\ClientApp\dist\out-tsc\src\app\application\customer\customer-quote\customer-quote-status-popup\customer-quote-status-popup.component.js
C:\CompleteThrustProject\Businessthrust\Project\FSM\GenicSolutionAngular\ClientApp\dist\out-tsc\src\app\application\customer\customer-quote\customer-quote-status-popup\customer-quote-status-popup.component.js.map
C:\CompleteThrustProject\Businessthrust\Project\FSM\GenicSolutionAngular\ClientApp\dist\out-tsc\src\app\application\customer\customer-quote\customer-quote-list\customer-quote-list.component.js
C:\CompleteThrustProject\Businessthrust\Project\FSM\GenicSolutionAngular\ClientApp\dist\out-tsc\src\app\application\customer\customer-quote\customer-quote-list\customer-quote-list.component.js.map
C:\CompleteThrustProject\Businessthrust\Project\FSM\GenicSolutionAngular\ClientApp\dist\out-tsc\src\app\application\customer\customer-quote\customer-quote-details\customer-quote-details.component.js
C:\CompleteThrustProject\Businessthrust\Project\FSM\GenicSolutionAngular\ClientApp\dist\out-tsc\src\app\application\customer\customer-quote\customer-quote-details\customer-quote-details.component.js.map
C:\CompleteThrustProject\Businessthrust\Project\FSM\GenicSolutionAngular\ClientApp\dist\out-tsc\src\app\generic-utils\Quote-Status-Component\QuoteStatusComponent.component.js
C:\CompleteThrustProject\Businessthrust\Project\FSM\GenicSolutionAngular\ClientApp\dist\out-tsc\src\app\generic-utils\Quote-Status-Component\QuoteStatusComponent.component.js.map
C:\CompleteThrustProject\Businessthrust\Project\FSM\GenicSolutionAngular\ClientApp\dist\out-tsc\src\app\generic-utils\Quote-Status-Component\QuoteStatusComponent.module.js
C:\CompleteThrustProject\Businessthrust\Project\FSM\GenicSolutionAngular\ClientApp\dist\out-tsc\src\app\generic-utils\Quote-Status-Component\QuoteStatusComponent.module.js.map
C:\CompleteThrustProject\Businessthrust\Project\FSM\GenicSolutionAngular\ClientApp\dist\out-tsc\src\app\services\DocumentUpload.service.js
C:\CompleteThrustProject\Businessthrust\Project\FSM\GenicSolutionAngular\ClientApp\dist\out-tsc\src\app\services\DocumentUpload.service.js.map
C:\CompleteThrustProject\Businessthrust\Project\FSM\GenicSolutionAngular\ClientApp\dist\out-tsc\src\app\application\customer\customer-profile\customer-profile.component.js
C:\CompleteThrustProject\Businessthrust\Project\FSM\GenicSolutionAngular\ClientApp\dist\out-tsc\src\app\application\customer\customer-profile\customer-profile.component.js.map
C:\CompleteThrustProject\Businessthrust\Project\FSM\GenicSolutionAngular\ClientApp\dist\out-tsc\src\app\application\customer\customer.module.js
C:\CompleteThrustProject\Businessthrust\Project\FSM\GenicSolutionAngular\ClientApp\dist\out-tsc\src\app\application\customer\customer.module.js.map
C:\CompleteThrustProject\Businessthrust\Project\FSM\GenicSolutionAngular\ClientApp\dist\out-tsc\src\app\application\customers\customers.component.js
C:\CompleteThrustProject\Businessthrust\Project\FSM\GenicSolutionAngular\ClientApp\dist\out-tsc\src\app\application\customers\customers.component.js.map
C:\CompleteThrustProject\Businessthrust\Project\FSM\GenicSolutionAngular\ClientApp\dist\out-tsc\src\app\application\customers\customer-details\customer-details.component.js
C:\CompleteThrustProject\Businessthrust\Project\FSM\GenicSolutionAngular\ClientApp\dist\out-tsc\src\app\application\customers\customer-details\customer-details.component.js.map
C:\CompleteThrustProject\Businessthrust\Project\FSM\GenicSolutionAngular\ClientApp\dist\out-tsc\src\app\application\customers\customer-add\customer-add.component.js
C:\CompleteThrustProject\Businessthrust\Project\FSM\GenicSolutionAngular\ClientApp\dist\out-tsc\src\app\application\customers\customer-add\customer-add.component.js.map
C:\CompleteThrustProject\Businessthrust\Project\FSM\GenicSolutionAngular\ClientApp\dist\out-tsc\src\app\application\customers\customer-list\custome-lists.component.js
C:\CompleteThrustProject\Businessthrust\Project\FSM\GenicSolutionAngular\ClientApp\dist\out-tsc\src\app\application\customers\customer-list\custome-lists.component.js.map
C:\CompleteThrustProject\Businessthrust\Project\FSM\GenicSolutionAngular\ClientApp\dist\out-tsc\src\app\application\customers\customers.module.js
C:\CompleteThrustProject\Businessthrust\Project\FSM\GenicSolutionAngular\ClientApp\dist\out-tsc\src\app\application\customers\customers.module.js.map
C:\CompleteThrustProject\Businessthrust\Project\FSM\GenicSolutionAngular\ClientApp\dist\out-tsc\src\app\application\properties\property-add\property-add.component.js
C:\CompleteThrustProject\Businessthrust\Project\FSM\GenicSolutionAngular\ClientApp\dist\out-tsc\src\app\application\properties\property-add\property-add.component.js.map
C:\CompleteThrustProject\Businessthrust\Project\FSM\GenicSolutionAngular\ClientApp\dist\out-tsc\src\app\application\properties\property-details\property-details.component.js
C:\CompleteThrustProject\Businessthrust\Project\FSM\GenicSolutionAngular\ClientApp\dist\out-tsc\src\app\application\properties\property-details\property-details.component.js.map
C:\CompleteThrustProject\Businessthrust\Project\FSM\GenicSolutionAngular\ClientApp\dist\out-tsc\src\app\application\properties\properties.component.js
C:\CompleteThrustProject\Businessthrust\Project\FSM\GenicSolutionAngular\ClientApp\dist\out-tsc\src\app\application\properties\properties.component.js.map
C:\CompleteThrustProject\Businessthrust\Project\FSM\GenicSolutionAngular\ClientApp\dist\out-tsc\src\app\application\properties\property-popup\property-popup.component.js
C:\CompleteThrustProject\Businessthrust\Project\FSM\GenicSolutionAngular\ClientApp\dist\out-tsc\src\app\application\properties\property-popup\property-popup.component.js.map
C:\CompleteThrustProject\Businessthrust\Project\FSM\GenicSolutionAngular\ClientApp\dist\out-tsc\src\app\application\properties\property-list\property-list.component.js
C:\CompleteThrustProject\Businessthrust\Project\FSM\GenicSolutionAngular\ClientApp\dist\out-tsc\src\app\application\properties\property-list\property-list.component.js.map
C:\CompleteThrustProject\Businessthrust\Project\FSM\GenicSolutionAngular\ClientApp\dist\out-tsc\src\app\application\properties\ticket-history\ticket-history.component.js
C:\CompleteThrustProject\Businessthrust\Project\FSM\GenicSolutionAngular\ClientApp\dist\out-tsc\src\app\application\properties\ticket-history\ticket-history.component.js.map
C:\CompleteThrustProject\Businessthrust\Project\FSM\GenicSolutionAngular\ClientApp\dist\out-tsc\src\app\application\properties\ticket-history-details\ticket-history-details.component.js
C:\CompleteThrustProject\Businessthrust\Project\FSM\GenicSolutionAngular\ClientApp\dist\out-tsc\src\app\application\properties\ticket-history-details\ticket-history-details.component.js.map
C:\CompleteThrustProject\Businessthrust\Project\FSM\GenicSolutionAngular\ClientApp\dist\out-tsc\src\app\application\properties\properties.module.js
C:\CompleteThrustProject\Businessthrust\Project\FSM\GenicSolutionAngular\ClientApp\dist\out-tsc\src\app\application\properties\properties.module.js.map
C:\CompleteThrustProject\Businessthrust\Project\FSM\GenicSolutionAngular\ClientApp\dist\out-tsc\src\app\application\calendar\calendar.component.js
C:\CompleteThrustProject\Businessthrust\Project\FSM\GenicSolutionAngular\ClientApp\dist\out-tsc\src\app\application\calendar\calendar.component.js.map
C:\CompleteThrustProject\Businessthrust\Project\FSM\GenicSolutionAngular\ClientApp\dist\out-tsc\src\app\demo-utils\colors.js
C:\CompleteThrustProject\Businessthrust\Project\FSM\GenicSolutionAngular\ClientApp\dist\out-tsc\src\app\demo-utils\colors.js.map
C:\CompleteThrustProject\Businessthrust\Project\FSM\GenicSolutionAngular\ClientApp\dist\out-tsc\src\app\services\calendar.module.js
C:\CompleteThrustProject\Businessthrust\Project\FSM\GenicSolutionAngular\ClientApp\dist\out-tsc\src\app\services\calendar.module.js.map
C:\CompleteThrustProject\Businessthrust\Project\FSM\GenicSolutionAngular\ClientApp\dist\out-tsc\src\app\services\calendar.service.js
C:\CompleteThrustProject\Businessthrust\Project\FSM\GenicSolutionAngular\ClientApp\dist\out-tsc\src\app\services\calendar.service.js.map
C:\CompleteThrustProject\Businessthrust\Project\FSM\GenicSolutionAngular\ClientApp\dist\out-tsc\src\app\application\ticket-reschedule-popup\ticket-reschedule-popup.component.js
C:\CompleteThrustProject\Businessthrust\Project\FSM\GenicSolutionAngular\ClientApp\dist\out-tsc\src\app\application\ticket-reschedule-popup\ticket-reschedule-popup.component.js.map
C:\CompleteThrustProject\Businessthrust\Project\FSM\GenicSolutionAngular\ClientApp\dist\out-tsc\src\app\application\calendar\month-ticket\month-ticket.component.js
C:\CompleteThrustProject\Businessthrust\Project\FSM\GenicSolutionAngular\ClientApp\dist\out-tsc\src\app\application\calendar\month-ticket\month-ticket.component.js.map
C:\CompleteThrustProject\Businessthrust\Project\FSM\GenicSolutionAngular\ClientApp\dist\out-tsc\src\app\application\calendar\month-resource\month-resource.component.js
C:\CompleteThrustProject\Businessthrust\Project\FSM\GenicSolutionAngular\ClientApp\dist\out-tsc\src\app\application\calendar\month-resource\month-resource.component.js.map
C:\CompleteThrustProject\Businessthrust\Project\FSM\GenicSolutionAngular\ClientApp\dist\out-tsc\src\app\application\calendar\map\map.component.js
C:\CompleteThrustProject\Businessthrust\Project\FSM\GenicSolutionAngular\ClientApp\dist\out-tsc\src\app\application\calendar\map\map.component.js.map
C:\CompleteThrustProject\Businessthrust\Project\FSM\GenicSolutionAngular\ClientApp\dist\out-tsc\src\app\application\calendar\calendar.module.js
C:\CompleteThrustProject\Businessthrust\Project\FSM\GenicSolutionAngular\ClientApp\dist\out-tsc\src\app\application\calendar\calendar.module.js.map
C:\CompleteThrustProject\Businessthrust\Project\FSM\GenicSolutionAngular\ClientApp\dist\out-tsc\src\app\application\engineer\engineer-dashboard\engineer-dashboard.component.js
C:\CompleteThrustProject\Businessthrust\Project\FSM\GenicSolutionAngular\ClientApp\dist\out-tsc\src\app\application\engineer\engineer-dashboard\engineer-dashboard.component.js.map
C:\CompleteThrustProject\Businessthrust\Project\FSM\GenicSolutionAngular\ClientApp\dist\out-tsc\src\app\application\engineer\leave-popup\leave-popup.component.js
C:\CompleteThrustProject\Businessthrust\Project\FSM\GenicSolutionAngular\ClientApp\dist\out-tsc\src\app\application\engineer\leave-popup\leave-popup.component.js.map
C:\CompleteThrustProject\Businessthrust\Project\FSM\GenicSolutionAngular\ClientApp\dist\out-tsc\src\app\application\engineer\engineer-leave\engineer-leave.component.js
C:\CompleteThrustProject\Businessthrust\Project\FSM\GenicSolutionAngular\ClientApp\dist\out-tsc\src\app\application\engineer\engineer-leave\engineer-leave.component.js.map
C:\CompleteThrustProject\Businessthrust\Project\FSM\GenicSolutionAngular\ClientApp\dist\out-tsc\src\app\application\engineer\engineer-ticket\closerdetails\closerdetails.component.js
C:\CompleteThrustProject\Businessthrust\Project\FSM\GenicSolutionAngular\ClientApp\dist\out-tsc\src\app\application\engineer\engineer-ticket\closerdetails\closerdetails.component.js.map
C:\CompleteThrustProject\Businessthrust\Project\FSM\GenicSolutionAngular\ClientApp\dist\out-tsc\src\app\application\engineer\engineer-ticket\engineer-ticket.component.js
C:\CompleteThrustProject\Businessthrust\Project\FSM\GenicSolutionAngular\ClientApp\dist\out-tsc\src\app\application\engineer\engineer-ticket\engineer-ticket.component.js.map
C:\CompleteThrustProject\Businessthrust\Project\FSM\GenicSolutionAngular\ClientApp\dist\out-tsc\src\app\application\engineer\engineer-ticket\service-form-filled-popup\service-form-filled-popup.component.js
C:\CompleteThrustProject\Businessthrust\Project\FSM\GenicSolutionAngular\ClientApp\dist\out-tsc\src\app\application\engineer\engineer-ticket\service-form-filled-popup\service-form-filled-popup.component.js.map
C:\CompleteThrustProject\Businessthrust\Project\FSM\GenicSolutionAngular\ClientApp\dist\out-tsc\src\app\application\engineer\engineer-ticket\view-service-form-html-popup\view-service-form-html-popup2.component.js
C:\CompleteThrustProject\Businessthrust\Project\FSM\GenicSolutionAngular\ClientApp\dist\out-tsc\src\app\application\engineer\engineer-ticket\view-service-form-html-popup\view-service-form-html-popup2.component.js.map
C:\CompleteThrustProject\Businessthrust\Project\FSM\GenicSolutionAngular\ClientApp\dist\out-tsc\src\app\application\engineer\engineer-ticket\masterservicepopup\masterservicepopup.component.js
C:\CompleteThrustProject\Businessthrust\Project\FSM\GenicSolutionAngular\ClientApp\dist\out-tsc\src\app\application\engineer\engineer-ticket\masterservicepopup\masterservicepopup.component.js.map
C:\CompleteThrustProject\Businessthrust\Project\FSM\GenicSolutionAngular\ClientApp\dist\out-tsc\src\app\generic-utils\image-cropper\lib\interfaces\cropper-position.interface.js
C:\CompleteThrustProject\Businessthrust\Project\FSM\GenicSolutionAngular\ClientApp\dist\out-tsc\src\app\generic-utils\image-cropper\lib\interfaces\cropper-position.interface.js.map
C:\CompleteThrustProject\Businessthrust\Project\FSM\GenicSolutionAngular\ClientApp\dist\out-tsc\src\app\generic-utils\image-cropper\lib\interfaces\dimensions.interface.js
C:\CompleteThrustProject\Businessthrust\Project\FSM\GenicSolutionAngular\ClientApp\dist\out-tsc\src\app\generic-utils\image-cropper\lib\interfaces\dimensions.interface.js.map
C:\CompleteThrustProject\Businessthrust\Project\FSM\GenicSolutionAngular\ClientApp\dist\out-tsc\src\app\generic-utils\image-cropper\lib\interfaces\image-cropped-event.interface.js
C:\CompleteThrustProject\Businessthrust\Project\FSM\GenicSolutionAngular\ClientApp\dist\out-tsc\src\app\generic-utils\image-cropper\lib\interfaces\image-cropped-event.interface.js.map
C:\CompleteThrustProject\Businessthrust\Project\FSM\GenicSolutionAngular\ClientApp\dist\out-tsc\src\app\generic-utils\image-cropper\lib\interfaces\move-start.interface.js
C:\CompleteThrustProject\Businessthrust\Project\FSM\GenicSolutionAngular\ClientApp\dist\out-tsc\src\app\generic-utils\image-cropper\lib\interfaces\move-start.interface.js.map
C:\CompleteThrustProject\Businessthrust\Project\FSM\GenicSolutionAngular\ClientApp\dist\out-tsc\src\app\generic-utils\image-cropper\lib\interfaces\image-transform.interface.js
C:\CompleteThrustProject\Businessthrust\Project\FSM\GenicSolutionAngular\ClientApp\dist\out-tsc\src\app\generic-utils\image-cropper\lib\interfaces\image-transform.interface.js.map
C:\CompleteThrustProject\Businessthrust\Project\FSM\GenicSolutionAngular\ClientApp\dist\out-tsc\src\app\generic-utils\image-cropper\lib\interfaces\exif-transform.interface.js
C:\CompleteThrustProject\Businessthrust\Project\FSM\GenicSolutionAngular\ClientApp\dist\out-tsc\src\app\generic-utils\image-cropper\lib\interfaces\exif-transform.interface.js.map
C:\CompleteThrustProject\Businessthrust\Project\FSM\GenicSolutionAngular\ClientApp\dist\out-tsc\src\app\generic-utils\image-cropper\lib\interfaces\loaded-image.interface.js
C:\CompleteThrustProject\Businessthrust\Project\FSM\GenicSolutionAngular\ClientApp\dist\out-tsc\src\app\generic-utils\image-cropper\lib\interfaces\loaded-image.interface.js.map
C:\CompleteThrustProject\Businessthrust\Project\FSM\GenicSolutionAngular\ClientApp\dist\out-tsc\src\app\generic-utils\image-cropper\lib\interfaces\index.js
C:\CompleteThrustProject\Businessthrust\Project\FSM\GenicSolutionAngular\ClientApp\dist\out-tsc\src\app\generic-utils\image-cropper\lib\interfaces\index.js.map
C:\CompleteThrustProject\Businessthrust\Project\FSM\GenicSolutionAngular\ClientApp\dist\out-tsc\src\app\generic-utils\image-cropper\lib\utils\hammer.utils.js
C:\CompleteThrustProject\Businessthrust\Project\FSM\GenicSolutionAngular\ClientApp\dist\out-tsc\src\app\generic-utils\image-cropper\lib\utils\hammer.utils.js.map
C:\CompleteThrustProject\Businessthrust\Project\FSM\GenicSolutionAngular\ClientApp\dist\out-tsc\src\app\generic-utils\image-cropper\lib\interfaces\cropper-options.interface.js
C:\CompleteThrustProject\Businessthrust\Project\FSM\GenicSolutionAngular\ClientApp\dist\out-tsc\src\app\generic-utils\image-cropper\lib\interfaces\cropper-options.interface.js.map
C:\CompleteThrustProject\Businessthrust\Project\FSM\GenicSolutionAngular\ClientApp\dist\out-tsc\src\app\generic-utils\image-cropper\lib\interfaces\cropper.settings.js
C:\CompleteThrustProject\Businessthrust\Project\FSM\GenicSolutionAngular\ClientApp\dist\out-tsc\src\app\generic-utils\image-cropper\lib\interfaces\cropper.settings.js.map
C:\CompleteThrustProject\Businessthrust\Project\FSM\GenicSolutionAngular\ClientApp\dist\out-tsc\src\app\generic-utils\image-cropper\lib\utils\resize.utils.js
C:\CompleteThrustProject\Businessthrust\Project\FSM\GenicSolutionAngular\ClientApp\dist\out-tsc\src\app\generic-utils\image-cropper\lib\utils\resize.utils.js.map
C:\CompleteThrustProject\Businessthrust\Project\FSM\GenicSolutionAngular\ClientApp\dist\out-tsc\src\app\generic-utils\image-cropper\lib\services\crop.service.js
C:\CompleteThrustProject\Businessthrust\Project\FSM\GenicSolutionAngular\ClientApp\dist\out-tsc\src\app\generic-utils\image-cropper\lib\services\crop.service.js.map
C:\CompleteThrustProject\Businessthrust\Project\FSM\GenicSolutionAngular\ClientApp\dist\out-tsc\src\app\generic-utils\image-cropper\lib\utils\exif.utils.js
C:\CompleteThrustProject\Businessthrust\Project\FSM\GenicSolutionAngular\ClientApp\dist\out-tsc\src\app\generic-utils\image-cropper\lib\utils\exif.utils.js.map
C:\CompleteThrustProject\Businessthrust\Project\FSM\GenicSolutionAngular\ClientApp\dist\out-tsc\src\app\generic-utils\image-cropper\lib\services\load-image.service.js
C:\CompleteThrustProject\Businessthrust\Project\FSM\GenicSolutionAngular\ClientApp\dist\out-tsc\src\app\generic-utils\image-cropper\lib\services\load-image.service.js.map
C:\CompleteThrustProject\Businessthrust\Project\FSM\GenicSolutionAngular\ClientApp\dist\out-tsc\src\app\generic-utils\image-cropper\lib\services\cropper-position.service.js
C:\CompleteThrustProject\Businessthrust\Project\FSM\GenicSolutionAngular\ClientApp\dist\out-tsc\src\app\generic-utils\image-cropper\lib\services\cropper-position.service.js.map
C:\CompleteThrustProject\Businessthrust\Project\FSM\GenicSolutionAngular\ClientApp\dist\out-tsc\src\app\generic-utils\image-cropper\lib\utils\keyboard.utils.js
C:\CompleteThrustProject\Businessthrust\Project\FSM\GenicSolutionAngular\ClientApp\dist\out-tsc\src\app\generic-utils\image-cropper\lib\utils\keyboard.utils.js.map
C:\CompleteThrustProject\Businessthrust\Project\FSM\GenicSolutionAngular\ClientApp\dist\out-tsc\src\app\generic-utils\image-cropper\lib\component\image-cropper.component.js
C:\CompleteThrustProject\Businessthrust\Project\FSM\GenicSolutionAngular\ClientApp\dist\out-tsc\src\app\generic-utils\image-cropper\lib\component\image-cropper.component.js.map
C:\CompleteThrustProject\Businessthrust\Project\FSM\GenicSolutionAngular\ClientApp\dist\out-tsc\src\app\generic-utils\image-cropper\lib\image-cropper.module.js
C:\CompleteThrustProject\Businessthrust\Project\FSM\GenicSolutionAngular\ClientApp\dist\out-tsc\src\app\generic-utils\image-cropper\lib\image-cropper.module.js.map
C:\CompleteThrustProject\Businessthrust\Project\FSM\GenicSolutionAngular\ClientApp\dist\out-tsc\src\app\generic-utils\image-cropper\lib\utils\blob.utils.js
C:\CompleteThrustProject\Businessthrust\Project\FSM\GenicSolutionAngular\ClientApp\dist\out-tsc\src\app\generic-utils\image-cropper\lib\utils\blob.utils.js.map
C:\CompleteThrustProject\Businessthrust\Project\FSM\GenicSolutionAngular\ClientApp\dist\out-tsc\src\app\generic-utils\image-cropper\public-api.js
C:\CompleteThrustProject\Businessthrust\Project\FSM\GenicSolutionAngular\ClientApp\dist\out-tsc\src\app\generic-utils\image-cropper\public-api.js.map
C:\CompleteThrustProject\Businessthrust\Project\FSM\GenicSolutionAngular\ClientApp\dist\out-tsc\src\app\application\closer-update-popup\closer-update-popup.component.js
C:\CompleteThrustProject\Businessthrust\Project\FSM\GenicSolutionAngular\ClientApp\dist\out-tsc\src\app\application\closer-update-popup\closer-update-popup.component.js.map
C:\CompleteThrustProject\Businessthrust\Project\FSM\GenicSolutionAngular\ClientApp\dist\out-tsc\src\app\application\engineer\engineer-ticket\my-ticket-details\my-ticket-details.component.js
C:\CompleteThrustProject\Businessthrust\Project\FSM\GenicSolutionAngular\ClientApp\dist\out-tsc\src\app\application\engineer\engineer-ticket\my-ticket-details\my-ticket-details.component.js.map
C:\CompleteThrustProject\Businessthrust\Project\FSM\GenicSolutionAngular\ClientApp\dist\out-tsc\src\app\application\engineer\engineer-ticket\mytimesheet\mytimesheet.component.js
C:\CompleteThrustProject\Businessthrust\Project\FSM\GenicSolutionAngular\ClientApp\dist\out-tsc\src\app\application\engineer\engineer-ticket\mytimesheet\mytimesheet.component.js.map
C:\CompleteThrustProject\Businessthrust\Project\FSM\GenicSolutionAngular\ClientApp\dist\out-tsc\src\app\application\engineer\engineer.component.js
C:\CompleteThrustProject\Businessthrust\Project\FSM\GenicSolutionAngular\ClientApp\dist\out-tsc\src\app\application\engineer\engineer.component.js.map
C:\CompleteThrustProject\Businessthrust\Project\FSM\GenicSolutionAngular\ClientApp\dist\out-tsc\src\app\application\engineer\engineer-profile\engineer-profile.component.js
C:\CompleteThrustProject\Businessthrust\Project\FSM\GenicSolutionAngular\ClientApp\dist\out-tsc\src\app\application\engineer\engineer-profile\engineer-profile.component.js.map
C:\CompleteThrustProject\Businessthrust\Project\FSM\GenicSolutionAngular\ClientApp\dist\out-tsc\src\app\services\genic-drive.module.js
C:\CompleteThrustProject\Businessthrust\Project\FSM\GenicSolutionAngular\ClientApp\dist\out-tsc\src\app\services\genic-drive.module.js.map
C:\CompleteThrustProject\Businessthrust\Project\FSM\GenicSolutionAngular\ClientApp\dist\out-tsc\src\app\services\genic-drive.service.js
C:\CompleteThrustProject\Businessthrust\Project\FSM\GenicSolutionAngular\ClientApp\dist\out-tsc\src\app\services\genic-drive.service.js.map
C:\CompleteThrustProject\Businessthrust\Project\FSM\GenicSolutionAngular\ClientApp\dist\out-tsc\src\app\application\engineer\engineer-attendance\engineer-attendance.component.js
C:\CompleteThrustProject\Businessthrust\Project\FSM\GenicSolutionAngular\ClientApp\dist\out-tsc\src\app\application\engineer\engineer-attendance\engineer-attendance.component.js.map
C:\CompleteThrustProject\Businessthrust\Project\FSM\GenicSolutionAngular\ClientApp\dist\out-tsc\src\app\application\engineer\engineer.module.js
C:\CompleteThrustProject\Businessthrust\Project\FSM\GenicSolutionAngular\ClientApp\dist\out-tsc\src\app\application\engineer\engineer.module.js.map
C:\CompleteThrustProject\Businessthrust\Project\FSM\GenicSolutionAngular\ClientApp\dist\out-tsc\src\app\application\engineers\engineer-list\engineer-list.component.js
C:\CompleteThrustProject\Businessthrust\Project\FSM\GenicSolutionAngular\ClientApp\dist\out-tsc\src\app\application\engineers\engineer-list\engineer-list.component.js.map
C:\CompleteThrustProject\Businessthrust\Project\FSM\GenicSolutionAngular\ClientApp\dist\out-tsc\src\app\services\genic-zone.service.js
C:\CompleteThrustProject\Businessthrust\Project\FSM\GenicSolutionAngular\ClientApp\dist\out-tsc\src\app\services\genic-zone.service.js.map
C:\CompleteThrustProject\Businessthrust\Project\FSM\GenicSolutionAngular\ClientApp\dist\out-tsc\src\app\application\engineers\engineer-add\engineer-view-geofencing.Component.js
C:\CompleteThrustProject\Businessthrust\Project\FSM\GenicSolutionAngular\ClientApp\dist\out-tsc\src\app\application\engineers\engineer-add\engineer-view-geofencing.Component.js.map
C:\CompleteThrustProject\Businessthrust\Project\FSM\GenicSolutionAngular\ClientApp\dist\out-tsc\src\app\application\engineers\engineer-details\engineer-details.component.js
C:\CompleteThrustProject\Businessthrust\Project\FSM\GenicSolutionAngular\ClientApp\dist\out-tsc\src\app\application\engineers\engineer-details\engineer-details.component.js.map
C:\CompleteThrustProject\Businessthrust\Project\FSM\GenicSolutionAngular\ClientApp\dist\out-tsc\src\app\application\engineers\engineers.component.js
C:\CompleteThrustProject\Businessthrust\Project\FSM\GenicSolutionAngular\ClientApp\dist\out-tsc\src\app\application\engineers\engineers.component.js.map
C:\CompleteThrustProject\Businessthrust\Project\FSM\GenicSolutionAngular\ClientApp\dist\out-tsc\src\app\application\engineers\engineer-add\engineer-add.component.js
C:\CompleteThrustProject\Businessthrust\Project\FSM\GenicSolutionAngular\ClientApp\dist\out-tsc\src\app\application\engineers\engineer-add\engineer-add.component.js.map
C:\CompleteThrustProject\Businessthrust\Project\FSM\GenicSolutionAngular\ClientApp\dist\out-tsc\src\app\application\engineers\engineers.module.js
C:\CompleteThrustProject\Businessthrust\Project\FSM\GenicSolutionAngular\ClientApp\dist\out-tsc\src\app\application\engineers\engineers.module.js.map
C:\CompleteThrustProject\Businessthrust\Project\FSM\GenicSolutionAngular\ClientApp\dist\out-tsc\src\app\application\products\product-add\product-add.component.js
C:\CompleteThrustProject\Businessthrust\Project\FSM\GenicSolutionAngular\ClientApp\dist\out-tsc\src\app\application\products\product-add\product-add.component.js.map
C:\CompleteThrustProject\Businessthrust\Project\FSM\GenicSolutionAngular\ClientApp\dist\out-tsc\src\app\application\products\product-details\product-details.component.js
C:\CompleteThrustProject\Businessthrust\Project\FSM\GenicSolutionAngular\ClientApp\dist\out-tsc\src\app\application\products\product-details\product-details.component.js.map
C:\CompleteThrustProject\Businessthrust\Project\FSM\GenicSolutionAngular\ClientApp\dist\out-tsc\src\app\application\products\product-list\product-list.component.js
C:\CompleteThrustProject\Businessthrust\Project\FSM\GenicSolutionAngular\ClientApp\dist\out-tsc\src\app\application\products\product-list\product-list.component.js.map
C:\CompleteThrustProject\Businessthrust\Project\FSM\GenicSolutionAngular\ClientApp\dist\out-tsc\src\app\application\products\products.component.js
C:\CompleteThrustProject\Businessthrust\Project\FSM\GenicSolutionAngular\ClientApp\dist\out-tsc\src\app\application\products\products.component.js.map
C:\CompleteThrustProject\Businessthrust\Project\FSM\GenicSolutionAngular\ClientApp\dist\out-tsc\src\app\application\products\products.module.js
C:\CompleteThrustProject\Businessthrust\Project\FSM\GenicSolutionAngular\ClientApp\dist\out-tsc\src\app\application\products\products.module.js.map
C:\CompleteThrustProject\Businessthrust\Project\FSM\GenicSolutionAngular\ClientApp\dist\out-tsc\src\app\application\warranty\warranty.component.js
C:\CompleteThrustProject\Businessthrust\Project\FSM\GenicSolutionAngular\ClientApp\dist\out-tsc\src\app\application\warranty\warranty.component.js.map
C:\CompleteThrustProject\Businessthrust\Project\FSM\GenicSolutionAngular\ClientApp\dist\out-tsc\src\app\application\warranty\withoutwarranty.component.js
C:\CompleteThrustProject\Businessthrust\Project\FSM\GenicSolutionAngular\ClientApp\dist\out-tsc\src\app\application\warranty\withoutwarranty.component.js.map
C:\CompleteThrustProject\Businessthrust\Project\FSM\GenicSolutionAngular\ClientApp\dist\out-tsc\src\app\application\warranty\warranty.module.js
C:\CompleteThrustProject\Businessthrust\Project\FSM\GenicSolutionAngular\ClientApp\dist\out-tsc\src\app\application\warranty\warranty.module.js.map
C:\CompleteThrustProject\Businessthrust\Project\FSM\GenicSolutionAngular\ClientApp\dist\out-tsc\src\app\application\tickets\ticket-allocate-list-popup\ticket-allocate-list-popup.component.js
C:\CompleteThrustProject\Businessthrust\Project\FSM\GenicSolutionAngular\ClientApp\dist\out-tsc\src\app\application\tickets\ticket-allocate-list-popup\ticket-allocate-list-popup.component.js.map
C:\CompleteThrustProject\Businessthrust\Project\FSM\GenicSolutionAngular\ClientApp\dist\out-tsc\src\app\application\tickets\ticket-contactperson-popup\ticket-contactperson-popup.component.js
C:\CompleteThrustProject\Businessthrust\Project\FSM\GenicSolutionAngular\ClientApp\dist\out-tsc\src\app\application\tickets\ticket-contactperson-popup\ticket-contactperson-popup.component.js.map
C:\CompleteThrustProject\Businessthrust\Project\FSM\GenicSolutionAngular\ClientApp\dist\out-tsc\src\app\application\tickets\ticket-customer-popup\ticket-customer-popup.component.js
C:\CompleteThrustProject\Businessthrust\Project\FSM\GenicSolutionAngular\ClientApp\dist\out-tsc\src\app\application\tickets\ticket-customer-popup\ticket-customer-popup.component.js.map
C:\CompleteThrustProject\Businessthrust\Project\FSM\GenicSolutionAngular\ClientApp\dist\out-tsc\src\app\application\tickets\ticket-property-popup\ticket-property-popup.component.js
C:\CompleteThrustProject\Businessthrust\Project\FSM\GenicSolutionAngular\ClientApp\dist\out-tsc\src\app\application\tickets\ticket-property-popup\ticket-property-popup.component.js.map
C:\CompleteThrustProject\Businessthrust\Project\FSM\GenicSolutionAngular\ClientApp\dist\out-tsc\src\app\application\tickets\ticket-create\ticket-create.component.js
C:\CompleteThrustProject\Businessthrust\Project\FSM\GenicSolutionAngular\ClientApp\dist\out-tsc\src\app\application\tickets\ticket-create\ticket-create.component.js.map
C:\CompleteThrustProject\Businessthrust\Project\FSM\GenicSolutionAngular\ClientApp\dist\out-tsc\src\app\application\tickets\ticket-update-status\ticket-update-status.component.js
C:\CompleteThrustProject\Businessthrust\Project\FSM\GenicSolutionAngular\ClientApp\dist\out-tsc\src\app\application\tickets\ticket-update-status\ticket-update-status.component.js.map
C:\CompleteThrustProject\Businessthrust\Project\FSM\GenicSolutionAngular\ClientApp\dist\out-tsc\src\app\application\tickets\ticket-view-detail\ticket-view-detail.component.js
C:\CompleteThrustProject\Businessthrust\Project\FSM\GenicSolutionAngular\ClientApp\dist\out-tsc\src\app\application\tickets\ticket-view-detail\ticket-view-detail.component.js.map
C:\CompleteThrustProject\Businessthrust\Project\FSM\GenicSolutionAngular\ClientApp\dist\out-tsc\src\app\application\tickets\ticket-list\ticket-list.component.js
C:\CompleteThrustProject\Businessthrust\Project\FSM\GenicSolutionAngular\ClientApp\dist\out-tsc\src\app\application\tickets\ticket-list\ticket-list.component.js.map
C:\CompleteThrustProject\Businessthrust\Project\FSM\GenicSolutionAngular\ClientApp\dist\out-tsc\src\app\application\tickets\tickets.component.js
C:\CompleteThrustProject\Businessthrust\Project\FSM\GenicSolutionAngular\ClientApp\dist\out-tsc\src\app\application\tickets\tickets.component.js.map
C:\CompleteThrustProject\Businessthrust\Project\FSM\GenicSolutionAngular\ClientApp\dist\out-tsc\src\app\services\reminder.service.js
C:\CompleteThrustProject\Businessthrust\Project\FSM\GenicSolutionAngular\ClientApp\dist\out-tsc\src\app\services\reminder.service.js.map
C:\CompleteThrustProject\Businessthrust\Project\FSM\GenicSolutionAngular\ClientApp\dist\out-tsc\src\app\generic-utils\Reminder-Module\ReminderModule.component.js
C:\CompleteThrustProject\Businessthrust\Project\FSM\GenicSolutionAngular\ClientApp\dist\out-tsc\src\app\generic-utils\Reminder-Module\ReminderModule.component.js.map
C:\CompleteThrustProject\Businessthrust\Project\FSM\GenicSolutionAngular\ClientApp\dist\out-tsc\src\app\generic-utils\Reminder-Module\ReminderModule.module.js
C:\CompleteThrustProject\Businessthrust\Project\FSM\GenicSolutionAngular\ClientApp\dist\out-tsc\src\app\generic-utils\Reminder-Module\ReminderModule.module.js.map
C:\CompleteThrustProject\Businessthrust\Project\FSM\GenicSolutionAngular\ClientApp\dist\out-tsc\src\app\generic-utils\Ticket-Equipment-Module\TicketEquipmentModule.component.js
C:\CompleteThrustProject\Businessthrust\Project\FSM\GenicSolutionAngular\ClientApp\dist\out-tsc\src\app\generic-utils\Ticket-Equipment-Module\TicketEquipmentModule.component.js.map
C:\CompleteThrustProject\Businessthrust\Project\FSM\GenicSolutionAngular\ClientApp\dist\out-tsc\src\app\generic-utils\Ticket-Equipment-Module\TicketEquipmentModule.module.js
C:\CompleteThrustProject\Businessthrust\Project\FSM\GenicSolutionAngular\ClientApp\dist\out-tsc\src\app\generic-utils\Ticket-Equipment-Module\TicketEquipmentModule.module.js.map
C:\CompleteThrustProject\Businessthrust\Project\FSM\GenicSolutionAngular\ClientApp\dist\out-tsc\src\app\application\tickets\tickets.module.js
C:\CompleteThrustProject\Businessthrust\Project\FSM\GenicSolutionAngular\ClientApp\dist\out-tsc\src\app\application\tickets\tickets.module.js.map
C:\CompleteThrustProject\Businessthrust\Project\FSM\GenicSolutionAngular\ClientApp\dist\out-tsc\src\app\application\closer-update-popup\closer-update-popup.module.js
C:\CompleteThrustProject\Businessthrust\Project\FSM\GenicSolutionAngular\ClientApp\dist\out-tsc\src\app\application\closer-update-popup\closer-update-popup.module.js.map
C:\CompleteThrustProject\Businessthrust\Project\FSM\GenicSolutionAngular\ClientApp\dist\out-tsc\src\app\application\ticket-reschedule-popup\ticket-reschedule-pupup.module.js
C:\CompleteThrustProject\Businessthrust\Project\FSM\GenicSolutionAngular\ClientApp\dist\out-tsc\src\app\application\ticket-reschedule-popup\ticket-reschedule-pupup.module.js.map
C:\CompleteThrustProject\Businessthrust\Project\FSM\GenicSolutionAngular\ClientApp\dist\out-tsc\src\app\application\ticket-engineer\ticket-engineer.module.js
C:\CompleteThrustProject\Businessthrust\Project\FSM\GenicSolutionAngular\ClientApp\dist\out-tsc\src\app\application\ticket-engineer\ticket-engineer.module.js.map
C:\CompleteThrustProject\Businessthrust\Project\FSM\GenicSolutionAngular\ClientApp\dist\out-tsc\src\app\application\profile\password-change.component.js
C:\CompleteThrustProject\Businessthrust\Project\FSM\GenicSolutionAngular\ClientApp\dist\out-tsc\src\app\application\profile\password-change.component.js.map
C:\CompleteThrustProject\Businessthrust\Project\FSM\GenicSolutionAngular\ClientApp\dist\out-tsc\src\app\application\profile\profiles.module.js
C:\CompleteThrustProject\Businessthrust\Project\FSM\GenicSolutionAngular\ClientApp\dist\out-tsc\src\app\application\profile\profiles.module.js.map
C:\CompleteThrustProject\Businessthrust\Project\FSM\GenicSolutionAngular\ClientApp\dist\out-tsc\src\app\application\reports\reports.component.js
C:\CompleteThrustProject\Businessthrust\Project\FSM\GenicSolutionAngular\ClientApp\dist\out-tsc\src\app\application\reports\reports.component.js.map
C:\CompleteThrustProject\Businessthrust\Project\FSM\GenicSolutionAngular\ClientApp\dist\out-tsc\src\app\application\reports\report-engineers\report-engineers.component.js
C:\CompleteThrustProject\Businessthrust\Project\FSM\GenicSolutionAngular\ClientApp\dist\out-tsc\src\app\application\reports\report-engineers\report-engineers.component.js.map
C:\CompleteThrustProject\Businessthrust\Project\FSM\GenicSolutionAngular\ClientApp\dist\out-tsc\src\app\application\reports\tickets\report-ticket.component.js
C:\CompleteThrustProject\Businessthrust\Project\FSM\GenicSolutionAngular\ClientApp\dist\out-tsc\src\app\application\reports\tickets\report-ticket.component.js.map
C:\CompleteThrustProject\Businessthrust\Project\FSM\GenicSolutionAngular\ClientApp\dist\out-tsc\src\app\application\reports\visits\visits.component.js
C:\CompleteThrustProject\Businessthrust\Project\FSM\GenicSolutionAngular\ClientApp\dist\out-tsc\src\app\application\reports\visits\visits.component.js.map
C:\CompleteThrustProject\Businessthrust\Project\FSM\GenicSolutionAngular\ClientApp\dist\out-tsc\src\app\application\reports\report-engineer-time-sheet\report-engineer-time-sheet.component.js
C:\CompleteThrustProject\Businessthrust\Project\FSM\GenicSolutionAngular\ClientApp\dist\out-tsc\src\app\application\reports\report-engineer-time-sheet\report-engineer-time-sheet.component.js.map
C:\CompleteThrustProject\Businessthrust\Project\FSM\GenicSolutionAngular\ClientApp\dist\out-tsc\src\app\application\reports\report-engineer-attendance\report-engineer-attendance.component.js
C:\CompleteThrustProject\Businessthrust\Project\FSM\GenicSolutionAngular\ClientApp\dist\out-tsc\src\app\application\reports\report-engineer-attendance\report-engineer-attendance.component.js.map
C:\CompleteThrustProject\Businessthrust\Project\FSM\GenicSolutionAngular\ClientApp\dist\out-tsc\src\app\application\reports\reports.module.js
C:\CompleteThrustProject\Businessthrust\Project\FSM\GenicSolutionAngular\ClientApp\dist\out-tsc\src\app\application\reports\reports.module.js.map
C:\CompleteThrustProject\Businessthrust\Project\FSM\GenicSolutionAngular\ClientApp\dist\out-tsc\src\app\application\reminders\reminder\reminder.component.js
C:\CompleteThrustProject\Businessthrust\Project\FSM\GenicSolutionAngular\ClientApp\dist\out-tsc\src\app\application\reminders\reminder\reminder.component.js.map
C:\CompleteThrustProject\Businessthrust\Project\FSM\GenicSolutionAngular\ClientApp\dist\out-tsc\src\app\application\reminders\reminders.component.js
C:\CompleteThrustProject\Businessthrust\Project\FSM\GenicSolutionAngular\ClientApp\dist\out-tsc\src\app\application\reminders\reminders.component.js.map
C:\CompleteThrustProject\Businessthrust\Project\FSM\GenicSolutionAngular\ClientApp\dist\out-tsc\src\app\application\reminders\reminders.module.js
C:\CompleteThrustProject\Businessthrust\Project\FSM\GenicSolutionAngular\ClientApp\dist\out-tsc\src\app\application\reminders\reminders.module.js.map
C:\CompleteThrustProject\Businessthrust\Project\FSM\GenicSolutionAngular\ClientApp\dist\out-tsc\src\app\application\invoices\invoice-add\invoice-add.component.js
C:\CompleteThrustProject\Businessthrust\Project\FSM\GenicSolutionAngular\ClientApp\dist\out-tsc\src\app\application\invoices\invoice-add\invoice-add.component.js.map
C:\CompleteThrustProject\Businessthrust\Project\FSM\GenicSolutionAngular\ClientApp\dist\out-tsc\src\app\application\invoices\invoice-change-status-popup\invoice-change-status-popup.component.js
C:\CompleteThrustProject\Businessthrust\Project\FSM\GenicSolutionAngular\ClientApp\dist\out-tsc\src\app\application\invoices\invoice-change-status-popup\invoice-change-status-popup.component.js.map
C:\CompleteThrustProject\Businessthrust\Project\FSM\GenicSolutionAngular\ClientApp\dist\out-tsc\src\app\application\invoices\invoice-customer-popup\invoice-customer-popup.component.js
C:\CompleteThrustProject\Businessthrust\Project\FSM\GenicSolutionAngular\ClientApp\dist\out-tsc\src\app\application\invoices\invoice-customer-popup\invoice-customer-popup.component.js.map
C:\CompleteThrustProject\Businessthrust\Project\FSM\GenicSolutionAngular\ClientApp\dist\out-tsc\src\app\application\invoices\invoice-payment-and-receipt\invoice-payment-and-receipt.component.js
C:\CompleteThrustProject\Businessthrust\Project\FSM\GenicSolutionAngular\ClientApp\dist\out-tsc\src\app\application\invoices\invoice-payment-and-receipt\invoice-payment-and-receipt.component.js.map
C:\CompleteThrustProject\Businessthrust\Project\FSM\GenicSolutionAngular\ClientApp\dist\out-tsc\src\app\application\invoices\invoice-details\invoice-details.component.js
C:\CompleteThrustProject\Businessthrust\Project\FSM\GenicSolutionAngular\ClientApp\dist\out-tsc\src\app\application\invoices\invoice-details\invoice-details.component.js.map
C:\CompleteThrustProject\Businessthrust\Project\FSM\GenicSolutionAngular\ClientApp\dist\out-tsc\src\app\application\invoices\invoice-plane-invoice-customer-property-popup\invoice-plane-invoice-customer-property-popup.component.js
C:\CompleteThrustProject\Businessthrust\Project\FSM\GenicSolutionAngular\ClientApp\dist\out-tsc\src\app\application\invoices\invoice-plane-invoice-customer-property-popup\invoice-plane-invoice-customer-property-popup.component.js.map
C:\CompleteThrustProject\Businessthrust\Project\FSM\GenicSolutionAngular\ClientApp\dist\out-tsc\src\app\application\invoices\invoice-ticket-popup\invoice-ticket-popup.component.js
C:\CompleteThrustProject\Businessthrust\Project\FSM\GenicSolutionAngular\ClientApp\dist\out-tsc\src\app\application\invoices\invoice-ticket-popup\invoice-ticket-popup.component.js.map
C:\CompleteThrustProject\Businessthrust\Project\FSM\GenicSolutionAngular\ClientApp\dist\out-tsc\src\app\application\invoices\invoice-list\invoice-list.component.js
C:\CompleteThrustProject\Businessthrust\Project\FSM\GenicSolutionAngular\ClientApp\dist\out-tsc\src\app\application\invoices\invoice-list\invoice-list.component.js.map
C:\CompleteThrustProject\Businessthrust\Project\FSM\GenicSolutionAngular\ClientApp\dist\out-tsc\src\app\application\invoices\invoices.component.js
C:\CompleteThrustProject\Businessthrust\Project\FSM\GenicSolutionAngular\ClientApp\dist\out-tsc\src\app\application\invoices\invoices.component.js.map
C:\CompleteThrustProject\Businessthrust\Project\FSM\GenicSolutionAngular\ClientApp\dist\out-tsc\src\app\application\invoices\invoices.module.js
C:\CompleteThrustProject\Businessthrust\Project\FSM\GenicSolutionAngular\ClientApp\dist\out-tsc\src\app\application\invoices\invoices.module.js.map
C:\CompleteThrustProject\Businessthrust\Project\FSM\GenicSolutionAngular\ClientApp\dist\out-tsc\src\app\application\quotes\quote-customer-popup\quote-customer-popup.component.js
C:\CompleteThrustProject\Businessthrust\Project\FSM\GenicSolutionAngular\ClientApp\dist\out-tsc\src\app\application\quotes\quote-customer-popup\quote-customer-popup.component.js.map
C:\CompleteThrustProject\Businessthrust\Project\FSM\GenicSolutionAngular\ClientApp\dist\out-tsc\src\app\application\quotes\quotecustomer-property-popup\quotecustomer-property-popup.component.js
C:\CompleteThrustProject\Businessthrust\Project\FSM\GenicSolutionAngular\ClientApp\dist\out-tsc\src\app\application\quotes\quotecustomer-property-popup\quotecustomer-property-popup.component.js.map
C:\CompleteThrustProject\Businessthrust\Project\FSM\GenicSolutionAngular\ClientApp\dist\out-tsc\src\app\application\quotes\quote-add\quote-add.component.js
C:\CompleteThrustProject\Businessthrust\Project\FSM\GenicSolutionAngular\ClientApp\dist\out-tsc\src\app\application\quotes\quote-add\quote-add.component.js.map
C:\CompleteThrustProject\Businessthrust\Project\FSM\GenicSolutionAngular\ClientApp\dist\out-tsc\src\app\application\quotes\quote-contact-person-popup\quote-contact-person-popup.component.js
C:\CompleteThrustProject\Businessthrust\Project\FSM\GenicSolutionAngular\ClientApp\dist\out-tsc\src\app\application\quotes\quote-contact-person-popup\quote-contact-person-popup.component.js.map
C:\CompleteThrustProject\Businessthrust\Project\FSM\GenicSolutionAngular\ClientApp\dist\out-tsc\src\app\application\quotes\quote-details\quote-details.component.js
C:\CompleteThrustProject\Businessthrust\Project\FSM\GenicSolutionAngular\ClientApp\dist\out-tsc\src\app\application\quotes\quote-details\quote-details.component.js.map
C:\CompleteThrustProject\Businessthrust\Project\FSM\GenicSolutionAngular\ClientApp\dist\out-tsc\src\app\application\quotes\quote-status-popup\quote-status-popup.component.js
C:\CompleteThrustProject\Businessthrust\Project\FSM\GenicSolutionAngular\ClientApp\dist\out-tsc\src\app\application\quotes\quote-status-popup\quote-status-popup.component.js.map
C:\CompleteThrustProject\Businessthrust\Project\FSM\GenicSolutionAngular\ClientApp\dist\out-tsc\src\app\application\quotes\signature-quote-status-popup\signature-quote-status-popup.component.js
C:\CompleteThrustProject\Businessthrust\Project\FSM\GenicSolutionAngular\ClientApp\dist\out-tsc\src\app\application\quotes\signature-quote-status-popup\signature-quote-status-popup.component.js.map
C:\CompleteThrustProject\Businessthrust\Project\FSM\GenicSolutionAngular\ClientApp\dist\out-tsc\src\app\application\quotes\quote-list\quote-list.component.js
C:\CompleteThrustProject\Businessthrust\Project\FSM\GenicSolutionAngular\ClientApp\dist\out-tsc\src\app\application\quotes\quote-list\quote-list.component.js.map
C:\CompleteThrustProject\Businessthrust\Project\FSM\GenicSolutionAngular\ClientApp\dist\out-tsc\src\app\application\quotes\quotes.component.js
C:\CompleteThrustProject\Businessthrust\Project\FSM\GenicSolutionAngular\ClientApp\dist\out-tsc\src\app\application\quotes\quotes.component.js.map
C:\CompleteThrustProject\Businessthrust\Project\FSM\GenicSolutionAngular\ClientApp\dist\out-tsc\src\app\application\quotes\quotes.module.js
C:\CompleteThrustProject\Businessthrust\Project\FSM\GenicSolutionAngular\ClientApp\dist\out-tsc\src\app\application\quotes\quotes.module.js.map
C:\CompleteThrustProject\Businessthrust\Project\FSM\GenicSolutionAngular\ClientApp\dist\out-tsc\src\app\application\settings\geofencing\geofencing-list.component.js
C:\CompleteThrustProject\Businessthrust\Project\FSM\GenicSolutionAngular\ClientApp\dist\out-tsc\src\app\application\settings\geofencing\geofencing-list.component.js.map
C:\CompleteThrustProject\Businessthrust\Project\FSM\GenicSolutionAngular\ClientApp\dist\out-tsc\src\app\application\settings\geofencing\map.loader.js
C:\CompleteThrustProject\Businessthrust\Project\FSM\GenicSolutionAngular\ClientApp\dist\out-tsc\src\app\application\settings\geofencing\map.loader.js.map
C:\CompleteThrustProject\Businessthrust\Project\FSM\GenicSolutionAngular\ClientApp\dist\out-tsc\src\app\application\settings\geofencing\geofencing-view.Component.js
C:\CompleteThrustProject\Businessthrust\Project\FSM\GenicSolutionAngular\ClientApp\dist\out-tsc\src\app\application\settings\geofencing\geofencing-view.Component.js.map
C:\CompleteThrustProject\Businessthrust\Project\FSM\GenicSolutionAngular\ClientApp\dist\out-tsc\src\app\application\settings\geofencing\geofencing.component.js
C:\CompleteThrustProject\Businessthrust\Project\FSM\GenicSolutionAngular\ClientApp\dist\out-tsc\src\app\application\settings\geofencing\geofencing.component.js.map
C:\CompleteThrustProject\Businessthrust\Project\FSM\GenicSolutionAngular\ClientApp\dist\out-tsc\src\app\application\settings\leave-calendar\leave-calendar.component.js
C:\CompleteThrustProject\Businessthrust\Project\FSM\GenicSolutionAngular\ClientApp\dist\out-tsc\src\app\application\settings\leave-calendar\leave-calendar.component.js.map
C:\CompleteThrustProject\Businessthrust\Project\FSM\GenicSolutionAngular\ClientApp\dist\out-tsc\src\app\application\settings\notifications\add-templates\add-templates.component.js
C:\CompleteThrustProject\Businessthrust\Project\FSM\GenicSolutionAngular\ClientApp\dist\out-tsc\src\app\application\settings\notifications\add-templates\add-templates.component.js.map
C:\CompleteThrustProject\Businessthrust\Project\FSM\GenicSolutionAngular\ClientApp\dist\out-tsc\src\app\application\settings\notifications\notifications.component.js
C:\CompleteThrustProject\Businessthrust\Project\FSM\GenicSolutionAngular\ClientApp\dist\out-tsc\src\app\application\settings\notifications\notifications.component.js.map
C:\CompleteThrustProject\Businessthrust\Project\FSM\GenicSolutionAngular\ClientApp\dist\out-tsc\src\app\application\settings\notifications\templates\templates.component.js
C:\CompleteThrustProject\Businessthrust\Project\FSM\GenicSolutionAngular\ClientApp\dist\out-tsc\src\app\application\settings\notifications\templates\templates.component.js.map
C:\CompleteThrustProject\Businessthrust\Project\FSM\GenicSolutionAngular\ClientApp\dist\out-tsc\src\app\application\settings\setting\setting.component.js
C:\CompleteThrustProject\Businessthrust\Project\FSM\GenicSolutionAngular\ClientApp\dist\out-tsc\src\app\application\settings\setting\setting.component.js.map
C:\CompleteThrustProject\Businessthrust\Project\FSM\GenicSolutionAngular\ClientApp\dist\out-tsc\src\app\application\settings\settings.component.js
C:\CompleteThrustProject\Businessthrust\Project\FSM\GenicSolutionAngular\ClientApp\dist\out-tsc\src\app\application\settings\settings.component.js.map
C:\CompleteThrustProject\Businessthrust\Project\FSM\GenicSolutionAngular\ClientApp\dist\out-tsc\src\app\application\settings\ticket-issue-type\ticket-issue-type.component.js
C:\CompleteThrustProject\Businessthrust\Project\FSM\GenicSolutionAngular\ClientApp\dist\out-tsc\src\app\application\settings\ticket-issue-type\ticket-issue-type.component.js.map
C:\CompleteThrustProject\Businessthrust\Project\FSM\GenicSolutionAngular\ClientApp\dist\out-tsc\src\app\application\settings\user-permissions\add-user\add-user.component.js
C:\CompleteThrustProject\Businessthrust\Project\FSM\GenicSolutionAngular\ClientApp\dist\out-tsc\src\app\application\settings\user-permissions\add-user\add-user.component.js.map
C:\CompleteThrustProject\Businessthrust\Project\FSM\GenicSolutionAngular\ClientApp\dist\out-tsc\src\app\application\settings\user-permissions\allow-permissions\allow-permissions.component.js
C:\CompleteThrustProject\Businessthrust\Project\FSM\GenicSolutionAngular\ClientApp\dist\out-tsc\src\app\application\settings\user-permissions\allow-permissions\allow-permissions.component.js.map
C:\CompleteThrustProject\Businessthrust\Project\FSM\GenicSolutionAngular\ClientApp\dist\out-tsc\src\app\application\settings\user-permissions\user-list.component.js
C:\CompleteThrustProject\Businessthrust\Project\FSM\GenicSolutionAngular\ClientApp\dist\out-tsc\src\app\application\settings\user-permissions\user-list.component.js.map
C:\CompleteThrustProject\Businessthrust\Project\FSM\GenicSolutionAngular\ClientApp\dist\out-tsc\src\app\application\settings\smtp-details\smtp-details.component.js
C:\CompleteThrustProject\Businessthrust\Project\FSM\GenicSolutionAngular\ClientApp\dist\out-tsc\src\app\application\settings\smtp-details\smtp-details.component.js.map
C:\CompleteThrustProject\Businessthrust\Project\FSM\GenicSolutionAngular\ClientApp\dist\out-tsc\src\app\application\settings\log\log.component.js
C:\CompleteThrustProject\Businessthrust\Project\FSM\GenicSolutionAngular\ClientApp\dist\out-tsc\src\app\application\settings\log\log.component.js.map
C:\CompleteThrustProject\Businessthrust\Project\FSM\GenicSolutionAngular\ClientApp\dist\out-tsc\src\app\application\settings\brand-details\brand-details.component.js
C:\CompleteThrustProject\Businessthrust\Project\FSM\GenicSolutionAngular\ClientApp\dist\out-tsc\src\app\application\settings\brand-details\brand-details.component.js.map
C:\CompleteThrustProject\Businessthrust\Project\FSM\GenicSolutionAngular\ClientApp\dist\out-tsc\src\app\application\settings\category-details\category-details.component.js
C:\CompleteThrustProject\Businessthrust\Project\FSM\GenicSolutionAngular\ClientApp\dist\out-tsc\src\app\application\settings\category-details\category-details.component.js.map
C:\CompleteThrustProject\Businessthrust\Project\FSM\GenicSolutionAngular\ClientApp\dist\out-tsc\src\app\application\settings\tax-details\tax-details.component.js
C:\CompleteThrustProject\Businessthrust\Project\FSM\GenicSolutionAngular\ClientApp\dist\out-tsc\src\app\application\settings\tax-details\tax-details.component.js.map
C:\CompleteThrustProject\Businessthrust\Project\FSM\GenicSolutionAngular\ClientApp\dist\out-tsc\src\app\application\settings\payment-mode\payment-mode.component.js
C:\CompleteThrustProject\Businessthrust\Project\FSM\GenicSolutionAngular\ClientApp\dist\out-tsc\src\app\application\settings\payment-mode\payment-mode.component.js.map
C:\CompleteThrustProject\Businessthrust\Project\FSM\GenicSolutionAngular\ClientApp\dist\out-tsc\src\app\application\settings\drive-docs-allow\drive-docs-allow.component.js
C:\CompleteThrustProject\Businessthrust\Project\FSM\GenicSolutionAngular\ClientApp\dist\out-tsc\src\app\application\settings\drive-docs-allow\drive-docs-allow.component.js.map
C:\CompleteThrustProject\Businessthrust\Project\FSM\GenicSolutionAngular\ClientApp\dist\out-tsc\src\app\application\settings\settings.module.js
C:\CompleteThrustProject\Businessthrust\Project\FSM\GenicSolutionAngular\ClientApp\dist\out-tsc\src\app\application\settings\settings.module.js.map
C:\CompleteThrustProject\Businessthrust\Project\FSM\GenicSolutionAngular\ClientApp\dist\out-tsc\src\app\application\application.module.js
C:\CompleteThrustProject\Businessthrust\Project\FSM\GenicSolutionAngular\ClientApp\dist\out-tsc\src\app\application\application.module.js.map
C:\CompleteThrustProject\Businessthrust\Project\FSM\GenicSolutionAngular\ClientApp\dist\out-tsc\src\app\app-routing.module.js
C:\CompleteThrustProject\Businessthrust\Project\FSM\GenicSolutionAngular\ClientApp\dist\out-tsc\src\app\app-routing.module.js.map
C:\CompleteThrustProject\Businessthrust\Project\FSM\GenicSolutionAngular\ClientApp\dist\out-tsc\src\app\app.component.js
C:\CompleteThrustProject\Businessthrust\Project\FSM\GenicSolutionAngular\ClientApp\dist\out-tsc\src\app\app.component.js.map
C:\CompleteThrustProject\Businessthrust\Project\FSM\GenicSolutionAngular\ClientApp\dist\out-tsc\src\app\app.module.js
C:\CompleteThrustProject\Businessthrust\Project\FSM\GenicSolutionAngular\ClientApp\dist\out-tsc\src\app\app.module.js.map
C:\CompleteThrustProject\Businessthrust\Project\FSM\GenicSolutionAngular\ClientApp\dist\out-tsc\src\main.js
C:\CompleteThrustProject\Businessthrust\Project\FSM\GenicSolutionAngular\ClientApp\dist\out-tsc\src\main.js.map
C:\CompleteThrustProject\Businessthrust\Project\FSM\GenicSolutionAngular\ClientApp\dist\out-tsc\src\polyfills.js
C:\CompleteThrustProject\Businessthrust\Project\FSM\GenicSolutionAngular\ClientApp\dist\out-tsc\src\polyfills.js.map
C:\CompleteThrustProject\Businessthrust\Project\FSM\GenicSolutionAngular\ClientApp\dist\out-tsc\src\test.js
C:\CompleteThrustProject\Businessthrust\Project\FSM\GenicSolutionAngular\ClientApp\dist\out-tsc\src\test.js.map
C:\CompleteThrustProject\Businessthrust\Project\FSM\GenicSolutionAngular\ClientApp\dist\out-tsc\src\app\application\customer\customer-ticket\customer-ticket.component.spec.js
C:\CompleteThrustProject\Businessthrust\Project\FSM\GenicSolutionAngular\ClientApp\dist\out-tsc\src\app\application\customer\customer-ticket\customer-ticket.component.spec.js.map
C:\CompleteThrustProject\Businessthrust\Project\FSM\GenicSolutionAngular\ClientApp\dist\out-tsc\src\app\application\engineer\engineer-ticket\engineer-ticket.component.spec.js
C:\CompleteThrustProject\Businessthrust\Project\FSM\GenicSolutionAngular\ClientApp\dist\out-tsc\src\app\application\engineer\engineer-ticket\engineer-ticket.component.spec.js.map
C:\CompleteThrustProject\Businessthrust\Project\FSM\GenicSolutionAngular\ClientApp\dist\out-tsc\src\app\application\service\service.component.js
C:\CompleteThrustProject\Businessthrust\Project\FSM\GenicSolutionAngular\ClientApp\dist\out-tsc\src\app\application\service\service.component.js.map
C:\CompleteThrustProject\Businessthrust\Project\FSM\GenicSolutionAngular\ClientApp\dist\out-tsc\src\app\application\testpage\testpage.component.js
C:\CompleteThrustProject\Businessthrust\Project\FSM\GenicSolutionAngular\ClientApp\dist\out-tsc\src\app\application\testpage\testpage.component.js.map
C:\CompleteThrustProject\Businessthrust\Project\FSM\GenicSolutionAngular\ClientApp\dist\out-tsc\src\app\application\testpage\testpage.module.js
C:\CompleteThrustProject\Businessthrust\Project\FSM\GenicSolutionAngular\ClientApp\dist\out-tsc\src\app\application\testpage\testpage.module.js.map
C:\CompleteThrustProject\Businessthrust\Project\FSM\GenicSolutionAngular\ClientApp\dist\out-tsc\src\app\application\tickets\ticket-create\ticket-create.component.spec.js
C:\CompleteThrustProject\Businessthrust\Project\FSM\GenicSolutionAngular\ClientApp\dist\out-tsc\src\app\application\tickets\ticket-create\ticket-create.component.spec.js.map
C:\CompleteThrustProject\Businessthrust\Project\FSM\GenicSolutionAngular\ClientApp\dist\out-tsc\src\app\application\tickets\ticket-list\ticket-list.component.spec.js
C:\CompleteThrustProject\Businessthrust\Project\FSM\GenicSolutionAngular\ClientApp\dist\out-tsc\src\app\application\tickets\ticket-list\ticket-list.component.spec.js.map
C:\CompleteThrustProject\Businessthrust\Project\FSM\GenicSolutionAngular\ClientApp\dist\out-tsc\src\app\auth\auth.component.spec.js
C:\CompleteThrustProject\Businessthrust\Project\FSM\GenicSolutionAngular\ClientApp\dist\out-tsc\src\app\auth\auth.component.spec.js.map
C:\CompleteThrustProject\Businessthrust\Project\FSM\GenicSolutionAngular\ClientApp\dist\out-tsc\src\app\demo-utils\sources.js
C:\CompleteThrustProject\Businessthrust\Project\FSM\GenicSolutionAngular\ClientApp\dist\out-tsc\src\app\demo-utils\sources.js.map
C:\CompleteThrustProject\Businessthrust\Project\FSM\GenicSolutionAngular\ClientApp\dist\out-tsc\src\app\generic-utils\Drive-Icons-Bottom\DriveIconBottom.component.js
C:\CompleteThrustProject\Businessthrust\Project\FSM\GenicSolutionAngular\ClientApp\dist\out-tsc\src\app\generic-utils\Drive-Icons-Bottom\DriveIconBottom.component.js.map
C:\CompleteThrustProject\Businessthrust\Project\FSM\GenicSolutionAngular\ClientApp\dist\out-tsc\src\app\generic-utils\Drive-Icons-Bottom\DriveIconBottom.module.js
C:\CompleteThrustProject\Businessthrust\Project\FSM\GenicSolutionAngular\ClientApp\dist\out-tsc\src\app\generic-utils\Drive-Icons-Bottom\DriveIconBottom.module.js.map
C:\CompleteThrustProject\Businessthrust\Project\FSM\GenicSolutionAngular\ClientApp\dist\out-tsc\src\app\generic-utils\Drive-Icons-Bottom-QuickAccess\DriveIconBottomQuickAccess.component.js
C:\CompleteThrustProject\Businessthrust\Project\FSM\GenicSolutionAngular\ClientApp\dist\out-tsc\src\app\generic-utils\Drive-Icons-Bottom-QuickAccess\DriveIconBottomQuickAccess.component.js.map
C:\CompleteThrustProject\Businessthrust\Project\FSM\GenicSolutionAngular\ClientApp\dist\out-tsc\src\app\generic-utils\Drive-Icons-Bottom-QuickAccess\DriveIconBottomQuickAccess.module.js
C:\CompleteThrustProject\Businessthrust\Project\FSM\GenicSolutionAngular\ClientApp\dist\out-tsc\src\app\generic-utils\Drive-Icons-Bottom-QuickAccess\DriveIconBottomQuickAccess.module.js.map
C:\CompleteThrustProject\Businessthrust\Project\FSM\GenicSolutionAngular\ClientApp\dist\out-tsc\src\app\generic-utils\Drive-Icons-Name\DriveIconName.component.js
C:\CompleteThrustProject\Businessthrust\Project\FSM\GenicSolutionAngular\ClientApp\dist\out-tsc\src\app\generic-utils\Drive-Icons-Name\DriveIconName.component.js.map
C:\CompleteThrustProject\Businessthrust\Project\FSM\GenicSolutionAngular\ClientApp\dist\out-tsc\src\app\generic-utils\Drive-Icons-Name\DriveIconName.module.js
C:\CompleteThrustProject\Businessthrust\Project\FSM\GenicSolutionAngular\ClientApp\dist\out-tsc\src\app\generic-utils\Drive-Icons-Name\DriveIconName.module.js.map
C:\CompleteThrustProject\Businessthrust\Project\FSM\GenicSolutionAngular\ClientApp\dist\out-tsc\src\app\generic-utils\Drive-Icons-Only\DriveIconOnly.component.js
C:\CompleteThrustProject\Businessthrust\Project\FSM\GenicSolutionAngular\ClientApp\dist\out-tsc\src\app\generic-utils\Drive-Icons-Only\DriveIconOnly.component.js.map
C:\CompleteThrustProject\Businessthrust\Project\FSM\GenicSolutionAngular\ClientApp\dist\out-tsc\src\app\generic-utils\Drive-Icons-Only\DriveIconOnly.module.js
C:\CompleteThrustProject\Businessthrust\Project\FSM\GenicSolutionAngular\ClientApp\dist\out-tsc\src\app\generic-utils\Drive-Icons-Only\DriveIconOnly.module.js.map
C:\CompleteThrustProject\Businessthrust\Project\FSM\GenicSolutionAngular\ClientApp\dist\out-tsc\src\app\generic-utils\Drive-Icons-Top-WithLock\DriveIconTopWithLock.component.js
C:\CompleteThrustProject\Businessthrust\Project\FSM\GenicSolutionAngular\ClientApp\dist\out-tsc\src\app\generic-utils\Drive-Icons-Top-WithLock\DriveIconTopWithLock.component.js.map
C:\CompleteThrustProject\Businessthrust\Project\FSM\GenicSolutionAngular\ClientApp\dist\out-tsc\src\app\generic-utils\Drive-Icons-Top-WithLock\DriveIconTopWithLock.module.js
C:\CompleteThrustProject\Businessthrust\Project\FSM\GenicSolutionAngular\ClientApp\dist\out-tsc\src\app\generic-utils\Drive-Icons-Top-WithLock\DriveIconTopWithLock.module.js.map
C:\CompleteThrustProject\Businessthrust\Project\FSM\GenicSolutionAngular\ClientApp\dist\out-tsc\src\app\generic-utils\image-cropper\lib\services\crop.service.spec.js
C:\CompleteThrustProject\Businessthrust\Project\FSM\GenicSolutionAngular\ClientApp\dist\out-tsc\src\app\generic-utils\image-cropper\lib\services\crop.service.spec.js.map
C:\CompleteThrustProject\Businessthrust\Project\FSM\GenicSolutionAngular\ClientApp\dist\out-tsc\src\app\services\tender.module.js
C:\CompleteThrustProject\Businessthrust\Project\FSM\GenicSolutionAngular\ClientApp\dist\out-tsc\src\app\services\tender.module.js.map
C:\CompleteThrustProject\Businessthrust\Project\FSM\GenicSolutionAngular\ClientApp\dist\out-tsc\src\app\services\tender.service.js
C:\CompleteThrustProject\Businessthrust\Project\FSM\GenicSolutionAngular\ClientApp\dist\out-tsc\src\app\services\tender.service.js.map
C:\CompleteThrustProject\Businessthrust\Project\FSM\GenicSolutionAngular\ClientApp\dist\out-tsc\src\app\services\workermanpower.module.js
C:\CompleteThrustProject\Businessthrust\Project\FSM\GenicSolutionAngular\ClientApp\dist\out-tsc\src\app\services\workermanpower.module.js.map
C:\CompleteThrustProject\Businessthrust\Project\FSM\GenicSolutionAngular\ClientApp\dist\out-tsc\src\app\services\workermanpower.service.js
C:\CompleteThrustProject\Businessthrust\Project\FSM\GenicSolutionAngular\ClientApp\dist\out-tsc\src\app\services\workermanpower.service.js.map
C:\CompleteThrustProject\Businessthrust\Project\FSM\GenicSolutionAngular\ClientApp\dist\out-tsc\src\environments\environment.prod.js
C:\CompleteThrustProject\Businessthrust\Project\FSM\GenicSolutionAngular\ClientApp\dist\out-tsc\src\environments\environment.prod.js.map
